#
# There is insufficient memory for the Java Runtime Environment to continue.
# Native memory allocation (malloc) failed to allocate 2350896 bytes for Chunk::new
# Possible reasons:
#   The system is out of physical RAM or swap space
#   The process is running with CompressedOops enabled, and the Java Heap may be blocking the growth of the native heap
# Possible solutions:
#   Reduce memory load on the system
#   Increase physical memory or swap space
#   Check if swap backing store is full
#   Decrease Java heap size (-Xmx/-Xms)
#   Decrease number of Java threads
#   Decrease Java thread stack sizes (-Xss)
#   Set larger code cache with -XX:ReservedCodeCacheSize=
#   JVM is running with Unscaled Compressed Oops mode in which the Java heap is
#     placed in the first 4GB address space. The Java Heap base address is the
#     maximum limit for the native heap growth. Please use -XX:HeapBaseMinAddress
#     to set the Java Heap base and to place the Java Heap above 4GB virtual address.
# This output file may be truncated or incomplete.
#
#  Out of Memory Error (allocation.cpp:389), pid=2828, tid=0x00000000000024c8
#
# JRE version: OpenJDK Runtime Environment (8.0_272-b10) (build 1.8.0_272-b10)
# Java VM: OpenJDK 64-Bit Server VM (25.272-b10 mixed mode windows-amd64 compressed oops)
# Failed to write core dump. Minidumps are not enabled by default on client versions of Windows
#

---------------  T H R E A D  ---------------

Current thread (0x00000000160ba000):  JavaThread "C2 CompilerThread1" daemon [_thread_in_native, id=9416, stack(0x0000000016aa0000,0x0000000016ba0000)]

Stack: [0x0000000016aa0000,0x0000000016ba0000]
[error occurred during error reporting (printing stack bounds), id 0xc0000005]

Native frames: (J=compiled Java code, j=interpreted, Vv=VM code, C=native code)


Current CompileTask:
C2:   9761 4456 %     4       groovy.lang.MetaClassImpl::inheritInterfaceNewMetaMethods @ 104 (199 bytes)


---------------  P R O C E S S  ---------------

Java Threads: ( => current thread )
  0x000000001b30a800 JavaThread "Cache worker for Build Output Cleanup Cache (D:\Projects\PrayerX\android\.gradle\buildOutputCleanup)" [_thread_blocked, id=2260, stack(0x0000000021650000,0x0000000021750000)]
  0x000000001b302800 JavaThread "pool-1-thread-1" [_thread_blocked, id=3160, stack(0x0000000021350000,0x0000000021450000)]
  0x000000001b309000 JavaThread "Build operations Thread 8" [_thread_blocked, id=13652, stack(0x0000000020e50000,0x0000000020f50000)]
  0x000000001b301000 JavaThread "Build operations Thread 7" [_thread_blocked, id=12912, stack(0x0000000020d50000,0x0000000020e50000)]
  0x000000001b302000 JavaThread "Build operations Thread 6" [_thread_blocked, id=11860, stack(0x0000000020c50000,0x0000000020d50000)]
  0x000000001b308000 JavaThread "Build operations Thread 5" [_thread_blocked, id=1656, stack(0x0000000020b50000,0x0000000020c50000)]
  0x000000001b300000 JavaThread "Build operations Thread 4" [_thread_blocked, id=8948, stack(0x0000000020a50000,0x0000000020b50000)]
  0x000000001b307800 JavaThread "Build operations Thread 3" [_thread_blocked, id=10808, stack(0x0000000020950000,0x0000000020a50000)]
  0x000000001b2ff800 JavaThread "Build operations Thread 2" [_thread_blocked, id=6392, stack(0x0000000020850000,0x0000000020950000)]
  0x000000001b305800 JavaThread "Build operations" [_thread_blocked, id=12656, stack(0x000000001eb00000,0x000000001ec00000)]
  0x00000000160c7800 JavaThread "Cache worker for execution history cache (C:\Users\Home\.gradle\caches\6.2\executionHistory)" [_thread_blocked, id=8792, stack(0x000000001e800000,0x000000001e900000)]
  0x00000000160c6800 JavaThread "Cache worker for cache directory md-rule (C:\Users\Home\.gradle\caches\6.2\md-rule)" [_thread_blocked, id=10004, stack(0x000000001e700000,0x000000001e800000)]
  0x00000000160cc000 JavaThread "Cache worker for cache directory md-supplier (C:\Users\Home\.gradle\caches\6.2\md-supplier)" [_thread_blocked, id=15212, stack(0x000000001d290000,0x000000001d390000)]
  0x00000000160c9800 JavaThread "Cache worker for file hash cache (D:\Projects\PrayerX\android\.gradle\6.2\fileHashes)" [_thread_blocked, id=6212, stack(0x000000001d630000,0x000000001d730000)]
  0x00000000160c6000 JavaThread "Cache worker for checksums cache (D:\Projects\PrayerX\android\.gradle\checksums)" [_thread_blocked, id=10796, stack(0x000000001d190000,0x000000001d290000)]
  0x00000000160cb800 JavaThread "Cache worker for file hash cache (C:\Users\Home\.gradle\caches\6.2\fileHashes)" [_thread_blocked, id=9184, stack(0x000000001aef0000,0x000000001aff0000)]
  0x00000000160c9000 JavaThread "File lock request listener" [_thread_in_native, id=9628, stack(0x000000001adf0000,0x000000001aef0000)]
  0x00000000160c5000 JavaThread "Cache worker for journal cache (C:\Users\Home\.gradle\caches\journal-1)" [_thread_blocked, id=12916, stack(0x000000001acf0000,0x000000001adf0000)]
  0x0000000018ac3000 JavaThread "Thread-9" [_thread_blocked, id=9860, stack(0x000000001a9f0000,0x000000001aaf0000)]
  0x0000000018adf000 JavaThread "Stdin handler" [_thread_blocked, id=10372, stack(0x000000001a8f0000,0x000000001a9f0000)]
  0x0000000018ac2800 JavaThread "Asynchronous log dispatcher for DefaultDaemonConnection: socket connection from /127.0.0.1:54572 to /127.0.0.1:54573" [_thread_blocked, id=1256, stack(0x000000001a6f0000,0x000000001a7f0000)]
  0x0000000018abd000 JavaThread "Daemon worker" [_thread_in_native, id=9712, stack(0x000000001a5f0000,0x000000001a6f0000)]
  0x0000000018abc800 JavaThread "Cancel handler" [_thread_blocked, id=8588, stack(0x000000001a2f0000,0x000000001a3f0000)]
  0x0000000018ab1800 JavaThread "Handler for socket connection from /127.0.0.1:54572 to /127.0.0.1:54573" [_thread_in_native, id=11016, stack(0x000000001a1f0000,0x000000001a2f0000)]
  0x0000000018aaa800 JavaThread "Daemon" [_thread_blocked, id=936, stack(0x000000001a0f0000,0x000000001a1f0000)]
  0x00000000189aa000 JavaThread "Daemon periodic checks" [_thread_blocked, id=13500, stack(0x0000000019ff0000,0x000000001a0f0000)]
  0x00000000189a7000 JavaThread "Incoming local TCP Connector on port 54572" [_thread_in_native, id=10560, stack(0x0000000019da0000,0x0000000019ea0000)]
  0x0000000018978000 JavaThread "Daemon health stats" [_thread_blocked, id=544, stack(0x0000000019740000,0x0000000019840000)]
  0x0000000016160000 JavaThread "Service Thread" daemon [_thread_blocked, id=3988, stack(0x0000000016da0000,0x0000000016ea0000)]
  0x00000000160c8000 JavaThread "C1 CompilerThread3" daemon [_thread_blocked, id=11008, stack(0x0000000016ca0000,0x0000000016da0000)]
  0x00000000160c0000 JavaThread "C2 CompilerThread2" daemon [_thread_blocked, id=11116, stack(0x0000000016ba0000,0x0000000016ca0000)]
=>0x00000000160ba000 JavaThread "C2 CompilerThread1" daemon [_thread_in_native, id=9416, stack(0x0000000016aa0000,0x0000000016ba0000)]
  0x00000000160b6800 JavaThread "C2 CompilerThread0" daemon [_thread_blocked, id=13732, stack(0x00000000169a0000,0x0000000016aa0000)]
  0x00000000160b1800 JavaThread "Attach Listener" daemon [_thread_blocked, id=6316, stack(0x00000000168a0000,0x00000000169a0000)]
  0x00000000160b0800 JavaThread "Signal Dispatcher" daemon [_thread_blocked, id=4552, stack(0x00000000167a0000,0x00000000168a0000)]
  0x00000000160a0800 JavaThread "Finalizer" daemon [_thread_blocked, id=3608, stack(0x0000000016580000,0x0000000016680000)]
  0x000000001429b800 JavaThread "Reference Handler" daemon [_thread_blocked, id=13812, stack(0x0000000016480000,0x0000000016580000)]
  0x0000000002a2e800 JavaThread "main" [_thread_blocked, id=13532, stack(0x00000000027d0000,0x00000000028d0000)]

Other Threads:
  0x0000000014297800 VMThread [stack: 0x0000000015f80000,0x0000000016080000] [id=14772]
  0x0000000016161800 WatcherThread [stack: 0x0000000016ea0000,0x0000000016fa0000] [id=15228]

VM state:not at safepoint (normal execution)

VM Mutex/Monitor currently owned by a thread: None

heap address: 0x00000000e0000000, size: 512 MB, Compressed Oops mode: 32-bit
Narrow klass base: 0x0000000000000000, Narrow klass shift: 3
Compressed class space size: 1073741824 Address: 0x0000000100000000

Heap:
 PSYoungGen      total 160768K, used 124990K [0x00000000f5580000, 0x0000000100000000, 0x0000000100000000)
  eden space 147968K, 76% used [0x00000000f5580000,0x00000000fc4b80d0,0x00000000fe600000)
  from space 12800K, 86% used [0x00000000ff380000,0x00000000ffe57a80,0x0000000100000000)
  to   space 13312K, 0% used [0x00000000fe600000,0x00000000fe600000,0x00000000ff300000)
 ParOldGen       total 175104K, used 16788K [0x00000000e0000000, 0x00000000eab00000, 0x00000000f5580000)
  object space 175104K, 9% used [0x00000000e0000000,0x00000000e1065130,0x00000000eab00000)
 Metaspace       used 48654K, capacity 50662K, committed 50816K, reserved 1093632K
  class space    used 6745K, capacity 7259K, committed 7296K, reserved 1048576K

Card table byte_map: [0x0000000011df0000,0x0000000011f00000] byte_map_base: 0x00000000116f0000

Marking Bits: (ParMarkBitMap*) 0x00000000672123c0
 Begin Bits: [0x00000000127b0000, 0x0000000012fb0000)
 End Bits:   [0x0000000012fb0000, 0x00000000137b0000)

Polling page: 0x00000000028e0000

CodeCache: size=245760Kb used=14572Kb max_used=14630Kb free=231187Kb
 bounds [0x0000000002a30000, 0x00000000038a0000, 0x0000000011a30000]
 total_blobs=4799 nmethods=4025 adapters=686
 compilation: enabled

Compilation events (10 events):
Event: 8.842 Thread 0x00000000160c8000 4460       3       org.gradle.internal.operations.DefaultBuildOperationExecutor::maybeStartUnmanagedThreadOperation (54 bytes)
Event: 8.843 Thread 0x00000000160c8000 nmethod 4460 0x0000000003835390 code [0x00000000038355e0, 0x00000000038363c8]
Event: 8.941 Thread 0x00000000160ba000 nmethod 4364 0x000000000383db90 code [0x000000000383dfa0, 0x0000000003842428]
Event: 8.941 Thread 0x00000000160ba000 4404 %     4       java.lang.String::replace @ 78 (127 bytes)
Event: 8.947 Thread 0x00000000160ba000 nmethod 4404% 0x000000000383a610 code [0x000000000383a760, 0x000000000383aab8]
Event: 8.947 Thread 0x00000000160ba000 4456 %     4       groovy.lang.MetaClassImpl::inheritInterfaceNewMetaMethods @ 104 (199 bytes)
Event: 9.140 Thread 0x00000000160b6800 nmethod 4287 0x0000000003853350 code [0x0000000003853e60, 0x000000000385eeb0]
Event: 9.140 Thread 0x00000000160b6800 4363       4       java.lang.CharacterDataLatin1::digit (91 bytes)
Event: 9.141 Thread 0x00000000160b6800 nmethod 4363 0x000000000383a250 code [0x000000000383a3a0, 0x000000000383a4b8]
Event: 9.172 Thread 0x00000000160c0000 nmethod 4288 0x0000000003879710 code [0x000000000387a240, 0x0000000003885a20]

GC Heap History (10 events):
Event: 3.019 GC heap before
{Heap before GC invocations=6 (full 1):
 PSYoungGen      total 76288K, used 65536K [0x00000000f5580000, 0x00000000fea80000, 0x0000000100000000)
  eden space 65536K, 100% used [0x00000000f5580000,0x00000000f9580000,0x00000000f9580000)
  from space 10752K, 0% used [0x00000000fa000000,0x00000000fa000000,0x00000000faa80000)
  to   space 10752K, 0% used [0x00000000f9580000,0x00000000f9580000,0x00000000fa000000)
 ParOldGen       total 175104K, used 7152K [0x00000000e0000000, 0x00000000eab00000, 0x00000000f5580000)
  object space 175104K, 4% used [0x00000000e0000000,0x00000000e06fc348,0x00000000eab00000)
 Metaspace       used 29168K, capacity 29850K, committed 30080K, reserved 1075200K
  class space    used 3990K, capacity 4201K, committed 4224K, reserved 1048576K
Event: 3.024 GC heap after
Heap after GC invocations=6 (full 1):
 PSYoungGen      total 76288K, used 8331K [0x00000000f5580000, 0x00000000fd100000, 0x0000000100000000)
  eden space 65536K, 0% used [0x00000000f5580000,0x00000000f5580000,0x00000000f9580000)
  from space 10752K, 77% used [0x00000000f9580000,0x00000000f9da2d00,0x00000000fa000000)
  to   space 11776K, 0% used [0x00000000fc580000,0x00000000fc580000,0x00000000fd100000)
 ParOldGen       total 175104K, used 7160K [0x00000000e0000000, 0x00000000eab00000, 0x00000000f5580000)
  object space 175104K, 4% used [0x00000000e0000000,0x00000000e06fe348,0x00000000eab00000)
 Metaspace       used 29168K, capacity 29850K, committed 30080K, reserved 1075200K
  class space    used 3990K, capacity 4201K, committed 4224K, reserved 1048576K
}
Event: 6.335 GC heap before
{Heap before GC invocations=7 (full 1):
 PSYoungGen      total 76288K, used 73867K [0x00000000f5580000, 0x00000000fd100000, 0x0000000100000000)
  eden space 65536K, 100% used [0x00000000f5580000,0x00000000f9580000,0x00000000f9580000)
  from space 10752K, 77% used [0x00000000f9580000,0x00000000f9da2d00,0x00000000fa000000)
  to   space 11776K, 0% used [0x00000000fc580000,0x00000000fc580000,0x00000000fd100000)
 ParOldGen       total 175104K, used 7160K [0x00000000e0000000, 0x00000000eab00000, 0x00000000f5580000)
  object space 175104K, 4% used [0x00000000e0000000,0x00000000e06fe348,0x00000000eab00000)
 Metaspace       used 32069K, capacity 32860K, committed 32896K, reserved 1077248K
  class space    used 4480K, capacity 4723K, committed 4736K, reserved 1048576K
Event: 6.343 GC heap after
Heap after GC invocations=7 (full 1):
 PSYoungGen      total 109568K, used 9972K [0x00000000f5580000, 0x00000000fcf80000, 0x0000000100000000)
  eden space 99328K, 0% used [0x00000000f5580000,0x00000000f5580000,0x00000000fb680000)
  from space 10240K, 97% used [0x00000000fc580000,0x00000000fcf3d090,0x00000000fcf80000)
  to   space 12288K, 0% used [0x00000000fb780000,0x00000000fb780000,0x00000000fc380000)
 ParOldGen       total 175104K, used 7168K [0x00000000e0000000, 0x00000000eab00000, 0x00000000f5580000)
  object space 175104K, 4% used [0x00000000e0000000,0x00000000e0700348,0x00000000eab00000)
 Metaspace       used 32069K, capacity 32860K, committed 32896K, reserved 1077248K
  class space    used 4480K, capacity 4723K, committed 4736K, reserved 1048576K
}
Event: 6.609 GC heap before
{Heap before GC invocations=8 (full 1):
 PSYoungGen      total 109568K, used 57315K [0x00000000f5580000, 0x00000000fcf80000, 0x0000000100000000)
  eden space 99328K, 47% used [0x00000000f5580000,0x00000000f83bbdc0,0x00000000fb680000)
  from space 10240K, 97% used [0x00000000fc580000,0x00000000fcf3d090,0x00000000fcf80000)
  to   space 12288K, 0% used [0x00000000fb780000,0x00000000fb780000,0x00000000fc380000)
 ParOldGen       total 175104K, used 7168K [0x00000000e0000000, 0x00000000eab00000, 0x00000000f5580000)
  object space 175104K, 4% used [0x00000000e0000000,0x00000000e0700348,0x00000000eab00000)
 Metaspace       used 34271K, capacity 35308K, committed 35456K, reserved 1079296K
  class space    used 4823K, capacity 5135K, committed 5248K, reserved 1048576K
Event: 6.616 GC heap after
Heap after GC invocations=8 (full 1):
 PSYoungGen      total 112640K, used 10509K [0x00000000f5580000, 0x0000000100000000, 0x0000000100000000)
  eden space 100352K, 0% used [0x00000000f5580000,0x00000000f5580000,0x00000000fb780000)
  from space 12288K, 85% used [0x00000000fb780000,0x00000000fc1c37e0,0x00000000fc380000)
  to   space 12800K, 0% used [0x00000000ff380000,0x00000000ff380000,0x0000000100000000)
 ParOldGen       total 175104K, used 7176K [0x00000000e0000000, 0x00000000eab00000, 0x00000000f5580000)
  object space 175104K, 4% used [0x00000000e0000000,0x00000000e0702348,0x00000000eab00000)
 Metaspace       used 34271K, capacity 35308K, committed 35456K, reserved 1079296K
  class space    used 4823K, capacity 5135K, committed 5248K, reserved 1048576K
}
Event: 6.616 GC heap before
{Heap before GC invocations=9 (full 2):
 PSYoungGen      total 112640K, used 10509K [0x00000000f5580000, 0x0000000100000000, 0x0000000100000000)
  eden space 100352K, 0% used [0x00000000f5580000,0x00000000f5580000,0x00000000fb780000)
  from space 12288K, 85% used [0x00000000fb780000,0x00000000fc1c37e0,0x00000000fc380000)
  to   space 12800K, 0% used [0x00000000ff380000,0x00000000ff380000,0x0000000100000000)
 ParOldGen       total 175104K, used 7176K [0x00000000e0000000, 0x00000000eab00000, 0x00000000f5580000)
  object space 175104K, 4% used [0x00000000e0000000,0x00000000e0702348,0x00000000eab00000)
 Metaspace       used 34271K, capacity 35308K, committed 35456K, reserved 1079296K
  class space    used 4823K, capacity 5135K, committed 5248K, reserved 1048576K
Event: 6.658 GC heap after
Heap after GC invocations=9 (full 2):
 PSYoungGen      total 112640K, used 0K [0x00000000f5580000, 0x0000000100000000, 0x0000000100000000)
  eden space 100352K, 0% used [0x00000000f5580000,0x00000000f5580000,0x00000000fb780000)
  from space 12288K, 0% used [0x00000000fb780000,0x00000000fb780000,0x00000000fc380000)
  to   space 12800K, 0% used [0x00000000ff380000,0x00000000ff380000,0x0000000100000000)
 ParOldGen       total 175104K, used 16780K [0x00000000e0000000, 0x00000000eab00000, 0x00000000f5580000)
  object space 175104K, 9% used [0x00000000e0000000,0x00000000e1063130,0x00000000eab00000)
 Metaspace       used 34271K, capacity 35308K, committed 35456K, reserved 1079296K
  class space    used 4823K, capacity 5135K, committed 5248K, reserved 1048576K
}
Event: 7.824 GC heap before
{Heap before GC invocations=10 (full 2):
 PSYoungGen      total 112640K, used 100352K [0x00000000f5580000, 0x0000000100000000, 0x0000000100000000)
  eden space 100352K, 100% used [0x00000000f5580000,0x00000000fb780000,0x00000000fb780000)
  from space 12288K, 0% used [0x00000000fb780000,0x00000000fb780000,0x00000000fc380000)
  to   space 12800K, 0% used [0x00000000ff380000,0x00000000ff380000,0x0000000100000000)
 ParOldGen       total 175104K, used 16780K [0x00000000e0000000, 0x00000000eab00000, 0x00000000f5580000)
  object space 175104K, 9% used [0x00000000e0000000,0x00000000e1063130,0x00000000eab00000)
 Metaspace       used 42741K, capacity 44396K, committed 44544K, reserved 1087488K
  class space    used 5930K, capacity 6379K, committed 6400K, reserved 1048576K
Event: 7.832 GC heap after
Heap after GC invocations=10 (full 2):
 PSYoungGen      total 160768K, used 11102K [0x00000000f5580000, 0x0000000100000000, 0x0000000100000000)
  eden space 147968K, 0% used [0x00000000f5580000,0x00000000f5580000,0x00000000fe600000)
  from space 12800K, 86% used [0x00000000ff380000,0x00000000ffe57a80,0x0000000100000000)
  to   space 13312K, 0% used [0x00000000fe600000,0x00000000fe600000,0x00000000ff300000)
 ParOldGen       total 175104K, used 16788K [0x00000000e0000000, 0x00000000eab00000, 0x00000000f5580000)
  object space 175104K, 9% used [0x00000000e0000000,0x00000000e1065130,0x00000000eab00000)
 Metaspace       used 42741K, capacity 44396K, committed 44544K, reserved 1087488K
  class space    used 5930K, capacity 6379K, committed 6400K, reserved 1048576K
}

Deoptimization events (10 events):
Event: 8.516 Thread 0x0000000018abd000 Uncommon trap: reason=unstable_if action=reinterpret pc=0x00000000037934a8 method=org.codehaus.groovy.runtime.metaclass.MetaMethodIndex.copyNonPrivateNonNewMetaMethods(Lorg/codehaus/groovy/runtime/metaclass/MetaMethodIndex$Entry;Lorg/codehaus/groovy/runti
Event: 8.517 Thread 0x0000000018abd000 Uncommon trap: reason=unstable_if action=reinterpret pc=0x000000000355fae8 method=groovy.lang.MetaClassImpl$1MOPIter.methodNameAction(Ljava/lang/Class;Lorg/codehaus/groovy/runtime/metaclass/MetaMethodIndex$Entry;)V @ 182
Event: 8.562 Thread 0x0000000018abd000 Uncommon trap: reason=bimorphic action=maybe_recompile pc=0x000000000348f82c method=java.util.AbstractCollection.addAll(Ljava/util/Collection;)Z @ 29
Event: 8.572 Thread 0x0000000018abd000 Uncommon trap: reason=bimorphic action=maybe_recompile pc=0x0000000003411960 method=org.codehaus.groovy.runtime.metaclass.MetaMethodIndex.addMethodToList(Ljava/lang/Object;Lgroovy/lang/MetaMethod;)Ljava/lang/Object; @ 283
Event: 8.572 Thread 0x0000000018abd000 Uncommon trap: reason=bimorphic action=maybe_recompile pc=0x0000000003411960 method=org.codehaus.groovy.runtime.metaclass.MetaMethodIndex.addMethodToList(Ljava/lang/Object;Lgroovy/lang/MetaMethod;)Ljava/lang/Object; @ 283
Event: 8.673 Thread 0x0000000018abd000 Uncommon trap: reason=unstable_if action=reinterpret pc=0x00000000037b1530 method=org.codehaus.groovy.runtime.metaclass.MetaMethodIndex.addMethodToList(Ljava/lang/Object;Lgroovy/lang/MetaMethod;)Ljava/lang/Object; @ 256
Event: 8.709 Thread 0x0000000018abd000 Uncommon trap: reason=unstable_if action=reinterpret pc=0x0000000002ba2438 method=java.util.HashMap.getNode(ILjava/lang/Object;)Ljava/util/HashMap$Node; @ 84
Event: 8.709 Thread 0x0000000018abd000 Uncommon trap: reason=unstable_if action=reinterpret pc=0x00000000034b8210 method=java.util.HashMap.putVal(ILjava/lang/Object;Ljava/lang/Object;ZZ)Ljava/lang/Object; @ 109
Event: 8.709 Thread 0x0000000018abd000 Uncommon trap: reason=unstable_if action=reinterpret pc=0x000000000361b130 method=java.util.HashMap.putVal(ILjava/lang/Object;Ljava/lang/Object;ZZ)Ljava/lang/Object; @ 109
Event: 8.709 Thread 0x0000000018abd000 Uncommon trap: reason=unstable_if action=reinterpret pc=0x0000000002d6663c method=java.util.HashMap.resize()[Ljava/util/HashMap$Node; @ 206

Classes redefined (0 events):
No events

Internal exceptions (10 events):
Event: 8.811 Thread 0x0000000018abd000 Exception <a 'java/lang/ClassNotFoundException': org/gradle/api/internal/ConventionTaskCustomizer> (0x00000000fbc702f8) thrown at [C:\cygwin64\tmp\build\source\java-1.8.0-openjdk\tmp\jdk8u\hotspot\src\share\vm\classfile\systemDictionary.cpp, line 217]
Event: 8.812 Thread 0x0000000018abd000 Exception <a 'java/lang/ClassNotFoundException': org/gradle/api/tasks/AbstractCopyTaskCustomizer> (0x00000000fbcb8e00) thrown at [C:\cygwin64\tmp\build\source\java-1.8.0-openjdk\tmp\jdk8u\hotspot\src\share\vm\classfile\systemDictionary.cpp, line 217]
Event: 8.815 Thread 0x0000000018abd000 Exception <a 'java/lang/ClassNotFoundException': org/gradle/api/tasks/CopyCustomizer> (0x00000000fbd70bc0) thrown at [C:\cygwin64\tmp\build\source\java-1.8.0-openjdk\tmp\jdk8u\hotspot\src\share\vm\classfile\systemDictionary.cpp, line 217]
Event: 8.816 Thread 0x0000000018abd000 Exception <a 'java/lang/ClassNotFoundException': org/gradle/api/tasks/Copy_DecoratedCustomizer> (0x00000000fbdc16a8) thrown at [C:\cygwin64\tmp\build\source\java-1.8.0-openjdk\tmp\jdk8u\hotspot\src\share\vm\classfile\systemDictionary.cpp, line 217]
Event: 8.824 Thread 0x0000000018abd000 Exception <a 'java/lang/ClassNotFoundException': org/gradle/api/internal/artifacts/configurations/DefaultConfigurationContainer_DecoratedBeanInfo> (0x00000000fc0e5760) thrown at [C:\cygwin64\tmp\build\source\java-1.8.0-openjdk\tmp\jdk8u\hotspot\src\share\
Event: 8.826 Thread 0x0000000018abd000 Exception <a 'java/lang/ClassNotFoundException': org/gradle/api/internal/artifacts/configurations/DefaultConfigurationContainerBeanInfo> (0x00000000fc14f430) thrown at [C:\cygwin64\tmp\build\source\java-1.8.0-openjdk\tmp\jdk8u\hotspot\src\share\vm\classfi
Event: 8.827 Thread 0x0000000018abd000 Exception <a 'java/lang/ClassNotFoundException': org/gradle/api/internal/AbstractValidatingNamedDomainObjectContainerBeanInfo> (0x00000000fc198280) thrown at [C:\cygwin64\tmp\build\source\java-1.8.0-openjdk\tmp\jdk8u\hotspot\src\share\vm\classfile\systemD
Event: 8.828 Thread 0x0000000018abd000 Exception <a 'java/lang/ClassNotFoundException': org/gradle/api/internal/AbstractValidatingNamedDomainObjectContainerCustomizer> (0x00000000fc1e1f80) thrown at [C:\cygwin64\tmp\build\source\java-1.8.0-openjdk\tmp\jdk8u\hotspot\src\share\vm\classfile\syste
Event: 8.830 Thread 0x0000000018abd000 Exception <a 'java/lang/ClassNotFoundException': org/gradle/api/internal/artifacts/configurations/DefaultConfigurationContainerCustomizer> (0x00000000fc25bd08) thrown at [C:\cygwin64\tmp\build\source\java-1.8.0-openjdk\tmp\jdk8u\hotspot\src\share\vm\class
Event: 8.833 Thread 0x0000000018abd000 Exception <a 'java/lang/ClassNotFoundException': org/gradle/api/internal/artifacts/configurations/DefaultConfigurationContainer_DecoratedCustomizer> (0x00000000fc2e8f78) thrown at [C:\cygwin64\tmp\build\source\java-1.8.0-openjdk\tmp\jdk8u\hotspot\src\shar

Events (10 events):
Event: 8.833 loading class org/gradle/api/internal/artifacts/configurations/DefaultConfigurationContainer_DecoratedCustomizer
Event: 8.833 loading class org/gradle/api/internal/artifacts/configurations/DefaultConfigurationContainer_DecoratedCustomizer done
Event: 8.836 loading class org/gradle/internal/extensibility/ConventionAwareHelper$MappedPropertyImpl
Event: 8.836 loading class org/gradle/internal/extensibility/ConventionAwareHelper$MappedPropertyImpl done
Event: 8.836 loading class org/gradle/api/internal/ConventionMapping$MappedProperty
Event: 8.836 loading class org/gradle/api/internal/ConventionMapping$MappedProperty done
Event: 8.837 loading class org/gradle/internal/extensibility/ConventionAwareHelper$2
Event: 8.837 loading class org/gradle/internal/extensibility/ConventionAwareHelper$2 done
Event: 8.838 loading class org/gradle/internal/extensibility/ConventionAwareHelper$1
Event: 8.838 loading class org/gradle/internal/extensibility/ConventionAwareHelper$1 done


Dynamic libraries:
0x00007ff7fa330000 - 0x00007ff7fa365000 	C:\Program Files\OpenJDK\openjdk-8u272-b10\bin\java.exe
0x00007ffe85620000 - 0x00007ffe85810000 	C:\WINDOWS\SYSTEM32\ntdll.dll
0x00007ffe7fcd0000 - 0x00007ffe7fce2000 	C:\Program Files\AVAST Software\Avast\aswhook.dll
0x00007ffe82d40000 - 0x00007ffe82df2000 	C:\WINDOWS\System32\KERNEL32.DLL
0x00007ffe829e0000 - 0x00007ffe82c85000 	C:\WINDOWS\System32\KERNELBASE.dll
0x00007ffe85270000 - 0x00007ffe85313000 	C:\WINDOWS\System32\ADVAPI32.dll
0x00007ffe85020000 - 0x00007ffe850be000 	C:\WINDOWS\System32\msvcrt.dll
0x00007ffe82f90000 - 0x00007ffe83027000 	C:\WINDOWS\System32\sechost.dll
0x00007ffe83ec0000 - 0x00007ffe83fe0000 	C:\WINDOWS\System32\RPCRT4.dll
0x00007ffe83280000 - 0x00007ffe83414000 	C:\WINDOWS\System32\USER32.dll
0x00007ffe82640000 - 0x00007ffe82661000 	C:\WINDOWS\System32\win32u.dll
0x00007ffe83030000 - 0x00007ffe83056000 	C:\WINDOWS\System32\GDI32.dll
0x00007ffe81c10000 - 0x00007ffe81da6000 	C:\WINDOWS\System32\gdi32full.dll
0x00007ffe81e10000 - 0x00007ffe81eae000 	C:\WINDOWS\System32\msvcp_win.dll
0x00007ffe827c0000 - 0x00007ffe828ba000 	C:\WINDOWS\System32\ucrtbase.dll
0x00007ffe753b0000 - 0x00007ffe75634000 	C:\WINDOWS\WinSxS\amd64_microsoft.windows.common-controls_6595b64144ccf1df_6.0.18362.1198_none_9e820b57e45ad92f\COMCTL32.dll
0x00007ffe83430000 - 0x00007ffe83765000 	C:\WINDOWS\System32\combase.dll
0x00007ffe828c0000 - 0x00007ffe82940000 	C:\WINDOWS\System32\bcryptPrimitives.dll
0x00007ffe84790000 - 0x00007ffe847be000 	C:\WINDOWS\System32\IMM32.DLL
0x0000000067a90000 - 0x0000000067b62000 	C:\Program Files\OpenJDK\openjdk-8u272-b10\jre\bin\msvcr100.dll
0x0000000066a00000 - 0x0000000067294000 	C:\Program Files\OpenJDK\openjdk-8u272-b10\jre\bin\server\jvm.dll
0x00007ffe83420000 - 0x00007ffe83428000 	C:\WINDOWS\System32\PSAPI.DLL
0x00007ffe72730000 - 0x00007ffe72739000 	C:\WINDOWS\SYSTEM32\WSOCK32.dll
0x00007ffe84720000 - 0x00007ffe8478f000 	C:\WINDOWS\System32\WS2_32.dll
0x00007ffe7f7f0000 - 0x00007ffe7f814000 	C:\WINDOWS\SYSTEM32\WINMM.dll
0x00007ffe7bad0000 - 0x00007ffe7bada000 	C:\WINDOWS\SYSTEM32\VERSION.dll
0x00007ffe7f6a0000 - 0x00007ffe7f6cd000 	C:\WINDOWS\SYSTEM32\WINMMBASE.dll
0x00007ffe82940000 - 0x00007ffe8298a000 	C:\WINDOWS\System32\cfgmgr32.dll
0x00007ffe72750000 - 0x00007ffe7275f000 	C:\Program Files\OpenJDK\openjdk-8u272-b10\jre\bin\verify.dll
0x00007ffe711f0000 - 0x00007ffe71219000 	C:\Program Files\OpenJDK\openjdk-8u272-b10\jre\bin\java.dll
0x00007ffe6e070000 - 0x00007ffe6e086000 	C:\Program Files\OpenJDK\openjdk-8u272-b10\jre\bin\zip.dll
0x00007ffe837d0000 - 0x00007ffe83eb7000 	C:\WINDOWS\System32\SHELL32.dll
0x00007ffe83060000 - 0x00007ffe83109000 	C:\WINDOWS\System32\shcore.dll
0x00007ffe81eb0000 - 0x00007ffe82631000 	C:\WINDOWS\System32\windows.storage.dll
0x00007ffe81bc0000 - 0x00007ffe81be3000 	C:\WINDOWS\System32\profapi.dll
0x00007ffe81b70000 - 0x00007ffe81bba000 	C:\WINDOWS\System32\powrprof.dll
0x00007ffe81b40000 - 0x00007ffe81b50000 	C:\WINDOWS\System32\UMPDC.dll
0x00007ffe82e80000 - 0x00007ffe82ed2000 	C:\WINDOWS\System32\shlwapi.dll
0x00007ffe81bf0000 - 0x00007ffe81c01000 	C:\WINDOWS\System32\kernel.appcore.dll
0x00007ffe82990000 - 0x00007ffe829a7000 	C:\WINDOWS\System32\cryptsp.dll
0x00007ffe6dcf0000 - 0x00007ffe6dd0b000 	C:\Program Files\OpenJDK\openjdk-8u272-b10\jre\bin\net.dll
0x00007ffe81330000 - 0x00007ffe81397000 	C:\WINDOWS\system32\mswsock.dll
0x00007ffe6dcd0000 - 0x00007ffe6dce2000 	C:\Program Files\OpenJDK\openjdk-8u272-b10\jre\bin\nio.dll
0x00007ffe5e280000 - 0x00007ffe5e2aa000 	C:\Users\Home\.gradle\native\36\windows-amd64\native-platform.dll
0x00007ffe6e940000 - 0x00007ffe6e94d000 	C:\Program Files\OpenJDK\openjdk-8u272-b10\jre\bin\management.dll
0x00007ffe80ea0000 - 0x00007ffe80ed3000 	C:\WINDOWS\system32\rsaenh.dll
0x00007ffe829b0000 - 0x00007ffe829d6000 	C:\WINDOWS\System32\bcrypt.dll
0x00007ffe81a60000 - 0x00007ffe81a85000 	C:\WINDOWS\SYSTEM32\USERENV.dll
0x00007ffe81500000 - 0x00007ffe8150c000 	C:\WINDOWS\SYSTEM32\CRYPTBASE.dll
0x00007ffe81040000 - 0x00007ffe8107a000 	C:\WINDOWS\SYSTEM32\IPHLPAPI.DLL
0x00007ffe855d0000 - 0x00007ffe855d8000 	C:\WINDOWS\System32\NSI.dll
0x00007ffe7bbc0000 - 0x00007ffe7bbd6000 	C:\WINDOWS\SYSTEM32\dhcpcsvc6.DLL
0x00007ffe7c4c0000 - 0x00007ffe7c4dc000 	C:\WINDOWS\SYSTEM32\dhcpcsvc.DLL
0x00007ffe81080000 - 0x00007ffe8114b000 	C:\WINDOWS\SYSTEM32\DNSAPI.dll

VM Arguments:
jvm_args: -XX:MaxMetaspaceSize=256m -XX:+HeapDumpOnOutOfMemoryError -Xms256m -Xmx512m -Dfile.encoding=windows-1251 -Duser.country=RU -Duser.language=ru -Duser.variant 
java_command: org.gradle.launcher.daemon.bootstrap.GradleDaemon 6.2
java_class_path (initial): C:\Users\Home\.gradle\wrapper\dists\gradle-6.2-all\dvufqs6kielxeao781pmk5huj\gradle-6.2\lib\gradle-launcher-6.2.jar
Launcher Type: SUN_STANDARD

Environment Variables:
JAVA_HOME=C:\Program Files\OpenJDK\openjdk-8u272-b10
CLASSPATH=D:\Projects\PrayerX\android\\gradle\wrapper\gradle-wrapper.jar
PATH=D:\Projects\PrayerX\android\node_modules\.bin;D:\Projects\PrayerX\node_modules\.bin;D:\Projects\node_modules\.bin;D:\node_modules\.bin;C:\Program Files\nodejs;D:\Projects\PrayerX\node_modules\.bin;D:\Projects\PrayerX\node_modules\.bin;C:\ProgramData\Oracle\Java\javapath;C:\Windows\system32;C:\Windows;C:\Windows\System32\Wbem;C:\Windows\System32\WindowsPowerShell\v1.0\;C:\Program Files (x86)\NVIDIA Corporation\PhysX\Common;C:\Program Files\NVIDIA Corporation\NVIDIA NvDLISR;C:\Program Files (x86)\Common Files\Acronis\VirtualFile\;C:\Program Files (x86)\Common Files\Acronis\VirtualFile64\;C:\Program Files (x86)\Common Files\Acronis\SnapAPI\;C:\Program Files\nodejs\;C:\Program Files (x86)\Yarn\bin\;C:\WINDOWS\system32;C:\WINDOWS;C:\WINDOWS\System32\Wbem;C:\WINDOWS\System32\WindowsPowerShell\v1.0\;C:\WINDOWS\System32\OpenSSH\;C:\Program Files\Microsoft VS Code\bin;C:\Program Files\Git\cmd;C:\Program Files\Sublime Text 3;C:\ProgramData\chocolatey\bin;C:\Program Files\OpenJDK\openjdk-8u272-b10\bin;C:\Users\Home\AppData\Local\Programs\Python\Python38-32\Scripts\;C:\Users\Home\AppData\Local\Programs\Python\Python38-32\;C:\Users\Home\AppData\Local\GitHubDesktop\bin;C:\Users\Home\AppData\Roaming\npm;C:\Users\Home\AppData\Local\Yarn\bin;C:\Users\Home\AppData\Local\Microsoft\WindowsApps;C:\Program Files\JetBrains\WebStorm 2019.3.3\bin;;C:\Program Files\JetBrains\PhpStorm 2020.2.2\bin;;C:\Users\Home\AppData\Local\Android\Sdk\platform-tools;
USERNAME=Home
OS=Windows_NT
PROCESSOR_IDENTIFIER=Intel64 Family 6 Model 30 Stepping 5, GenuineIntel



---------------  S Y S T E M  ---------------

OS: Windows 10.0 , 64 bit Build 18362 (10.0.18362.1110)

CPU:total 8 (initial active 8) (4 cores per cpu, 2 threads per core) family 6 model 30 stepping 5, cmov, cx8, fxsr, mmx, sse, sse2, sse3, ssse3, sse4.1, sse4.2, popcnt, ht, tsc, tscinvbit

Memory: 4k page, physical 16772596k(3719084k free), swap 17821172k(6032k free)

vm_info: OpenJDK 64-Bit Server VM (25.272-b10) for windows-amd64 JRE (1.8.0_272-b10), built on Oct 19 2020 14:41:31 by "build" with MS VC++ 10.0 (VS2010)

time: Mon Nov 23 21:32:13 2020
timezone: Центральная Азия (зима)
elapsed time: 9.769415 seconds (0d 0h 0m 9s)

