#
# There is insufficient memory for the Java Runtime Environment to continue.
# Native memory allocation (malloc) failed to allocate 1042336 bytes for Chunk::new
# Possible reasons:
#   The system is out of physical RAM or swap space
#   The process is running with CompressedOops enabled, and the Java Heap may be blocking the growth of the native heap
# Possible solutions:
#   Reduce memory load on the system
#   Increase physical memory or swap space
#   Check if swap backing store is full
#   Decrease Java heap size (-Xmx/-Xms)
#   Decrease number of Java threads
#   Decrease Java thread stack sizes (-Xss)
#   Set larger code cache with -XX:ReservedCodeCacheSize=
#   JVM is running with Unscaled Compressed Oops mode in which the Java heap is
#     placed in the first 4GB address space. The Java Heap base address is the
#     maximum limit for the native heap growth. Please use -XX:HeapBaseMinAddress
#     to set the Java Heap base and to place the Java Heap above 4GB virtual address.
# This output file may be truncated or incomplete.
#
#  Out of Memory Error (allocation.cpp:389), pid=7860, tid=0x000000000000039c
#
# JRE version: OpenJDK Runtime Environment (8.0_272-b10) (build 1.8.0_272-b10)
# Java VM: OpenJDK 64-Bit Server VM (25.272-b10 mixed mode windows-amd64 compressed oops)
# Failed to write core dump. Minidumps are not enabled by default on client versions of Windows
#

---------------  T H R E A D  ---------------

Current thread (0x0000000015ef9000):  JavaThread "C2 CompilerThread2" daemon [_thread_in_native, id=924, stack(0x00000000169c0000,0x0000000016ac0000)]

Stack: [0x00000000169c0000,0x0000000016ac0000]
[error occurred during error reporting (printing stack bounds), id 0xc0000005]

Native frames: (J=compiled Java code, j=interpreted, Vv=VM code, C=native code)


Current CompileTask:
C2:  13078 4992   !   4       com.sun.beans.TypeResolver::resolve (274 bytes)


---------------  P R O C E S S  ---------------

Java Threads: ( => current thread )
  0x000000001cc59800 JavaThread "Cache worker for Build Output Cleanup Cache (D:\Projects\PrayerX\android\.gradle\buildOutputCleanup)" [_thread_blocked, id=12968, stack(0x0000000021610000,0x0000000021710000)]
  0x000000001cc5a000 JavaThread "pool-1-thread-1" [_thread_blocked, id=14984, stack(0x0000000021310000,0x0000000021410000)]
  0x000000001cc54800 JavaThread "Build operations Thread 8" [_thread_blocked, id=10168, stack(0x0000000020e10000,0x0000000020f10000)]
  0x000000001cc54000 JavaThread "Build operations Thread 7" [_thread_blocked, id=11876, stack(0x0000000020d10000,0x0000000020e10000)]
  0x000000001cc51000 JavaThread "Build operations Thread 6" [_thread_blocked, id=9712, stack(0x0000000020c10000,0x0000000020d10000)]
  0x000000001cc53000 JavaThread "Build operations Thread 5" [_thread_blocked, id=3092, stack(0x0000000020b10000,0x0000000020c10000)]
  0x000000001cc4c000 JavaThread "Build operations Thread 4" [_thread_blocked, id=6568, stack(0x0000000020a10000,0x0000000020b10000)]
  0x000000001cc50000 JavaThread "Build operations Thread 3" [_thread_blocked, id=14412, stack(0x000000001f860000,0x000000001f960000)]
  0x000000001cc4e800 JavaThread "Build operations Thread 2" [_thread_blocked, id=4336, stack(0x000000001f760000,0x000000001f860000)]
  0x000000001cc51800 JavaThread "Build operations" [_thread_blocked, id=8536, stack(0x000000001f660000,0x000000001f760000)]
  0x0000000017398000 JavaThread "Cache worker for execution history cache (C:\Users\Home\.gradle\caches\6.2\executionHistory)" [_thread_blocked, id=6680, stack(0x000000001e760000,0x000000001e860000)]
  0x000000001739f000 JavaThread "Cache worker for cache directory md-rule (C:\Users\Home\.gradle\caches\6.2\md-rule)" [_thread_blocked, id=11920, stack(0x000000001e660000,0x000000001e760000)]
  0x000000001739e000 JavaThread "Cache worker for cache directory md-supplier (C:\Users\Home\.gradle\caches\6.2\md-supplier)" [_thread_blocked, id=13364, stack(0x000000001e360000,0x000000001e460000)]
  0x000000001739d800 JavaThread "Cache worker for file hash cache (D:\Projects\PrayerX\android\.gradle\6.2\fileHashes)" [_thread_blocked, id=10108, stack(0x000000001e060000,0x000000001e160000)]
  0x000000001739c800 JavaThread "Cache worker for checksums cache (D:\Projects\PrayerX\android\.gradle\checksums)" [_thread_blocked, id=5372, stack(0x000000001df60000,0x000000001e060000)]
  0x0000000017399800 JavaThread "Cache worker for file hash cache (C:\Users\Home\.gradle\caches\6.2\fileHashes)" [_thread_blocked, id=5248, stack(0x000000001acf0000,0x000000001adf0000)]
  0x000000001739b000 JavaThread "File lock request listener" [_thread_in_native, id=1640, stack(0x000000001abf0000,0x000000001acf0000)]
  0x0000000017398800 JavaThread "Cache worker for journal cache (C:\Users\Home\.gradle\caches\journal-1)" [_thread_blocked, id=4144, stack(0x000000001aaf0000,0x000000001abf0000)]
  0x0000000018850000 JavaThread "Thread-9" [_thread_blocked, id=10688, stack(0x000000001a7f0000,0x000000001a8f0000)]
  0x0000000018847800 JavaThread "Stdin handler" [_thread_blocked, id=13904, stack(0x000000001a6f0000,0x000000001a7f0000)]
  0x0000000018846000 JavaThread "Asynchronous log dispatcher for DefaultDaemonConnection: socket connection from /127.0.0.1:52429 to /127.0.0.1:52431" [_thread_blocked, id=4956, stack(0x000000001a4f0000,0x000000001a5f0000)]
  0x000000001884d000 JavaThread "Daemon worker" [_thread_in_vm, id=14596, stack(0x000000001a3f0000,0x000000001a4f0000)]
  0x0000000018843800 JavaThread "Cancel handler" [_thread_blocked, id=12260, stack(0x000000001a0f0000,0x000000001a1f0000)]
  0x000000001858e800 JavaThread "Handler for socket connection from /127.0.0.1:52429 to /127.0.0.1:52431" [_thread_in_native, id=9212, stack(0x0000000019ff0000,0x000000001a0f0000)]
  0x000000001858b000 JavaThread "Daemon" [_thread_blocked, id=14652, stack(0x0000000019ef0000,0x0000000019ff0000)]
  0x0000000018747000 JavaThread "Daemon periodic checks" [_thread_blocked, id=15348, stack(0x0000000019df0000,0x0000000019ef0000)]
  0x000000001873f800 JavaThread "Incoming local TCP Connector on port 52429" [_thread_in_native, id=12212, stack(0x0000000019ba0000,0x0000000019ca0000)]
  0x00000000186ec000 JavaThread "Daemon health stats" [_thread_blocked, id=3736, stack(0x0000000019560000,0x0000000019660000)]
  0x0000000015f89800 JavaThread "Service Thread" daemon [_thread_blocked, id=9120, stack(0x0000000016bc0000,0x0000000016cc0000)]
  0x0000000015f16000 JavaThread "C1 CompilerThread3" daemon [_thread_blocked, id=10020, stack(0x0000000016ac0000,0x0000000016bc0000)]
=>0x0000000015ef9000 JavaThread "C2 CompilerThread2" daemon [_thread_in_native, id=924, stack(0x00000000169c0000,0x0000000016ac0000)]
  0x0000000015ee9000 JavaThread "C2 CompilerThread1" daemon [_thread_in_native, id=15148, stack(0x00000000168c0000,0x00000000169c0000)]
  0x0000000015eee800 JavaThread "C2 CompilerThread0" daemon [_thread_in_native, id=1772, stack(0x00000000167c0000,0x00000000168c0000)]
  0x0000000015ee2800 JavaThread "Attach Listener" daemon [_thread_blocked, id=7448, stack(0x00000000166c0000,0x00000000167c0000)]
  0x0000000015ee1800 JavaThread "Signal Dispatcher" daemon [_thread_blocked, id=9424, stack(0x00000000165c0000,0x00000000166c0000)]
  0x00000000140cd000 JavaThread "Finalizer" daemon [_thread_blocked, id=12168, stack(0x00000000163b0000,0x00000000164b0000)]
  0x0000000002858000 JavaThread "Reference Handler" daemon [_thread_blocked, id=3348, stack(0x00000000162b0000,0x00000000163b0000)]
  0x0000000000dfe800 JavaThread "main" [_thread_blocked, id=14916, stack(0x0000000002660000,0x0000000002760000)]

Other Threads:
  0x00000000140c7000 VMThread [stack: 0x0000000015db0000,0x0000000015eb0000] [id=14060]
  0x0000000015f8b000 WatcherThread [stack: 0x0000000016cc0000,0x0000000016dc0000] [id=14372]

VM state:not at safepoint (normal execution)

VM Mutex/Monitor currently owned by a thread: None

heap address: 0x00000000e0000000, size: 512 MB, Compressed Oops mode: 32-bit
Narrow klass base: 0x0000000000000000, Narrow klass shift: 3
Compressed class space size: 1073741824 Address: 0x0000000100000000

Heap:
 PSYoungGen      total 161280K, used 47718K [0x00000000f5580000, 0x0000000100000000, 0x0000000100000000)
  eden space 148480K, 23% used [0x00000000f5580000,0x00000000f779bfd0,0x00000000fe680000)
  from space 12800K, 99% used [0x00000000fe680000,0x00000000ff2fdbf0,0x00000000ff300000)
  to   space 13312K, 0% used [0x00000000ff300000,0x00000000ff300000,0x0000000100000000)
 ParOldGen       total 175104K, used 20609K [0x00000000e0000000, 0x00000000eab00000, 0x00000000f5580000)
  object space 175104K, 11% used [0x00000000e0000000,0x00000000e14206f8,0x00000000eab00000)
 Metaspace       used 51487K, capacity 53494K, committed 53632K, reserved 1095680K
  class space    used 6963K, capacity 7505K, committed 7552K, reserved 1048576K

Card table byte_map: [0x0000000011c20000,0x0000000011d30000] byte_map_base: 0x0000000011520000

Marking Bits: (ParMarkBitMap*) 0x00000000723123c0
 Begin Bits: [0x00000000125e0000, 0x0000000012de0000)
 End Bits:   [0x0000000012de0000, 0x00000000135e0000)

Polling page: 0x0000000000dc0000

CodeCache: size=245760Kb used=16456Kb max_used=16456Kb free=229303Kb
 bounds [0x0000000002860000, 0x0000000003890000, 0x0000000011860000]
 total_blobs=5391 nmethods=4608 adapters=695
 compilation: enabled

Compilation events (10 events):
Event: 12.976 Thread 0x0000000015eee800 5070       4       groovy.lang.MetaMethod::getMopName (105 bytes)
Event: 12.991 Thread 0x0000000015f16000 5072       3       groovy.lang.MetaClassImpl::applyStrayPropertyMethods (293 bytes)
Event: 12.994 Thread 0x0000000015f16000 nmethod 5072 0x00000000031bb550 code [0x00000000031bb9e0, 0x00000000031bec58]
Event: 13.002 Thread 0x0000000015f16000 5073       3       groovy.lang.MetaClassImpl$MethodIndexAction::iterate (119 bytes)
Event: 13.003 Thread 0x0000000015f16000 nmethod 5073 0x00000000031ba450 code [0x00000000031ba640, 0x00000000031bb118]
Event: 13.012 Thread 0x0000000015eee800 nmethod 5070 0x00000000038692d0 code [0x0000000003869520, 0x000000000386a5c0]
Event: 13.012 Thread 0x0000000015eee800 5071       4       java.util.LinkedList$ListItr::checkForComodification (23 bytes)
Event: 13.012 Thread 0x0000000015eee800 nmethod 5071 0x000000000382f950 code [0x000000000382fa80, 0x000000000382fb18]
Event: 13.016 Thread 0x0000000015eee800 5074       4       java.beans.Introspector::addMethod (196 bytes)
Event: 13.017 Thread 0x0000000015f16000 5076       3       java.beans.Introspector::getTargetEventInfo (1082 bytes)

GC Heap History (10 events):
Event: 8.693 GC heap before
{Heap before GC invocations=7 (full 1):
 PSYoungGen      total 76288K, used 75556K [0x00000000f5580000, 0x00000000fd580000, 0x0000000100000000)
  eden space 65536K, 100% used [0x00000000f5580000,0x00000000f9580000,0x00000000f9580000)
  from space 10752K, 93% used [0x00000000f9580000,0x00000000f9f491a8,0x00000000fa000000)
  to   space 12800K, 0% used [0x00000000fc900000,0x00000000fc900000,0x00000000fd580000)
 ParOldGen       total 175104K, used 7158K [0x00000000e0000000, 0x00000000eab00000, 0x00000000f5580000)
  object space 175104K, 4% used [0x00000000e0000000,0x00000000e06fd970,0x00000000eab00000)
 Metaspace       used 34192K, capacity 35026K, committed 35200K, reserved 1079296K
  class space    used 4648K, capacity 4918K, committed 4992K, reserved 1048576K
Event: 8.703 GC heap after
Heap after GC invocations=7 (full 1):
 PSYoungGen      total 113152K, used 10115K [0x00000000f5580000, 0x00000000fd380000, 0x0000000100000000)
  eden space 102400K, 0% used [0x00000000f5580000,0x00000000f5580000,0x00000000fb980000)
  from space 10752K, 94% used [0x00000000fc900000,0x00000000fd2e0e08,0x00000000fd380000)
  to   space 13312K, 0% used [0x00000000fb980000,0x00000000fb980000,0x00000000fc680000)
 ParOldGen       total 175104K, used 7166K [0x00000000e0000000, 0x00000000eab00000, 0x00000000f5580000)
  object space 175104K, 4% used [0x00000000e0000000,0x00000000e06ff970,0x00000000eab00000)
 Metaspace       used 34192K, capacity 35026K, committed 35200K, reserved 1079296K
  class space    used 4648K, capacity 4918K, committed 4992K, reserved 1048576K
}
Event: 8.765 GC heap before
{Heap before GC invocations=8 (full 1):
 PSYoungGen      total 113152K, used 17296K [0x00000000f5580000, 0x00000000fd380000, 0x0000000100000000)
  eden space 102400K, 7% used [0x00000000f5580000,0x00000000f5c832e8,0x00000000fb980000)
  from space 10752K, 94% used [0x00000000fc900000,0x00000000fd2e0e08,0x00000000fd380000)
  to   space 13312K, 0% used [0x00000000fb980000,0x00000000fb980000,0x00000000fc680000)
 ParOldGen       total 175104K, used 7166K [0x00000000e0000000, 0x00000000eab00000, 0x00000000f5580000)
  object space 175104K, 4% used [0x00000000e0000000,0x00000000e06ff970,0x00000000eab00000)
 Metaspace       used 34549K, capacity 35320K, committed 35456K, reserved 1079296K
  class space    used 4711K, capacity 4951K, committed 4992K, reserved 1048576K
Event: 8.771 GC heap after
Heap after GC invocations=8 (full 1):
 PSYoungGen      total 115712K, used 7869K [0x00000000f5580000, 0x0000000100000000, 0x0000000100000000)
  eden space 102400K, 0% used [0x00000000f5580000,0x00000000f5580000,0x00000000fb980000)
  from space 13312K, 59% used [0x00000000fb980000,0x00000000fc12f6e0,0x00000000fc680000)
  to   space 12800K, 0% used [0x00000000ff380000,0x00000000ff380000,0x0000000100000000)
 ParOldGen       total 175104K, used 7174K [0x00000000e0000000, 0x00000000eab00000, 0x00000000f5580000)
  object space 175104K, 4% used [0x00000000e0000000,0x00000000e0701970,0x00000000eab00000)
 Metaspace       used 34549K, capacity 35320K, committed 35456K, reserved 1079296K
  class space    used 4711K, capacity 4951K, committed 4992K, reserved 1048576K
}
Event: 8.771 GC heap before
{Heap before GC invocations=9 (full 2):
 PSYoungGen      total 115712K, used 7869K [0x00000000f5580000, 0x0000000100000000, 0x0000000100000000)
  eden space 102400K, 0% used [0x00000000f5580000,0x00000000f5580000,0x00000000fb980000)
  from space 13312K, 59% used [0x00000000fb980000,0x00000000fc12f6e0,0x00000000fc680000)
  to   space 12800K, 0% used [0x00000000ff380000,0x00000000ff380000,0x0000000100000000)
 ParOldGen       total 175104K, used 7174K [0x00000000e0000000, 0x00000000eab00000, 0x00000000f5580000)
  object space 175104K, 4% used [0x00000000e0000000,0x00000000e0701970,0x00000000eab00000)
 Metaspace       used 34549K, capacity 35320K, committed 35456K, reserved 1079296K
  class space    used 4711K, capacity 4951K, committed 4992K, reserved 1048576K
Event: 8.817 GC heap after
Heap after GC invocations=9 (full 2):
 PSYoungGen      total 115712K, used 0K [0x00000000f5580000, 0x0000000100000000, 0x0000000100000000)
  eden space 102400K, 0% used [0x00000000f5580000,0x00000000f5580000,0x00000000fb980000)
  from space 13312K, 0% used [0x00000000fb980000,0x00000000fb980000,0x00000000fc680000)
  to   space 12800K, 0% used [0x00000000ff380000,0x00000000ff380000,0x0000000100000000)
 ParOldGen       total 175104K, used 14231K [0x00000000e0000000, 0x00000000eab00000, 0x00000000f5580000)
  object space 175104K, 8% used [0x00000000e0000000,0x00000000e0de5cf8,0x00000000eab00000)
 Metaspace       used 34546K, capacity 35314K, committed 35456K, reserved 1079296K
  class space    used 4709K, capacity 4949K, committed 4992K, reserved 1048576K
}
Event: 10.163 GC heap before
{Heap before GC invocations=10 (full 2):
 PSYoungGen      total 115712K, used 102400K [0x00000000f5580000, 0x0000000100000000, 0x0000000100000000)
  eden space 102400K, 100% used [0x00000000f5580000,0x00000000fb980000,0x00000000fb980000)
  from space 13312K, 0% used [0x00000000fb980000,0x00000000fb980000,0x00000000fc680000)
  to   space 12800K, 0% used [0x00000000ff380000,0x00000000ff380000,0x0000000100000000)
 ParOldGen       total 175104K, used 14231K [0x00000000e0000000, 0x00000000eab00000, 0x00000000f5580000)
  object space 175104K, 8% used [0x00000000e0000000,0x00000000e0de5cf8,0x00000000eab00000)
 Metaspace       used 38725K, capacity 40166K, committed 40320K, reserved 1083392K
  class space    used 5350K, capacity 5742K, committed 5760K, reserved 1048576K
Event: 10.171 GC heap after
Heap after GC invocations=10 (full 2):
 PSYoungGen      total 160768K, used 7512K [0x00000000f5580000, 0x00000000fff80000, 0x0000000100000000)
  eden space 148480K, 0% used [0x00000000f5580000,0x00000000f5580000,0x00000000fe680000)
  from space 12288K, 61% used [0x00000000ff380000,0x00000000ffad62a8,0x00000000fff80000)
  to   space 12800K, 0% used [0x00000000fe680000,0x00000000fe680000,0x00000000ff300000)
 ParOldGen       total 175104K, used 14239K [0x00000000e0000000, 0x00000000eab00000, 0x00000000f5580000)
  object space 175104K, 8% used [0x00000000e0000000,0x00000000e0de7cf8,0x00000000eab00000)
 Metaspace       used 38725K, capacity 40166K, committed 40320K, reserved 1083392K
  class space    used 5350K, capacity 5742K, committed 5760K, reserved 1048576K
}
Event: 12.640 GC heap before
{Heap before GC invocations=11 (full 2):
 PSYoungGen      total 160768K, used 155992K [0x00000000f5580000, 0x00000000fff80000, 0x0000000100000000)
  eden space 148480K, 100% used [0x00000000f5580000,0x00000000fe680000,0x00000000fe680000)
  from space 12288K, 61% used [0x00000000ff380000,0x00000000ffad62a8,0x00000000fff80000)
  to   space 12800K, 0% used [0x00000000fe680000,0x00000000fe680000,0x00000000ff300000)
 ParOldGen       total 175104K, used 14239K [0x00000000e0000000, 0x00000000eab00000, 0x00000000f5580000)
  object space 175104K, 8% used [0x00000000e0000000,0x00000000e0de7cf8,0x00000000eab00000)
 Metaspace       used 50512K, capacity 52424K, committed 52608K, reserved 1095680K
  class space    used 6821K, capacity 7277K, committed 7296K, reserved 1048576K
Event: 12.658 GC heap after
Heap after GC invocations=11 (full 2):
 PSYoungGen      total 161280K, used 12790K [0x00000000f5580000, 0x0000000100000000, 0x0000000100000000)
  eden space 148480K, 0% used [0x00000000f5580000,0x00000000f5580000,0x00000000fe680000)
  from space 12800K, 99% used [0x00000000fe680000,0x00000000ff2fdbf0,0x00000000ff300000)
  to   space 13312K, 0% used [0x00000000ff300000,0x00000000ff300000,0x0000000100000000)
 ParOldGen       total 175104K, used 20609K [0x00000000e0000000, 0x00000000eab00000, 0x00000000f5580000)
  object space 175104K, 11% used [0x00000000e0000000,0x00000000e14206f8,0x00000000eab00000)
 Metaspace       used 50512K, capacity 52424K, committed 52608K, reserved 1095680K
  class space    used 6821K, capacity 7277K, committed 7296K, reserved 1048576K
}

Deoptimization events (10 events):
Event: 12.082 Thread 0x000000001884d000 Uncommon trap: reason=unstable_if action=reinterpret pc=0x00000000033196d4 method=org.objectweb.asm.ByteVector.putUTF8(Ljava/lang/String;)Lorg/objectweb/asm/ByteVector; @ 93
Event: 12.391 Thread 0x000000001884d000 Uncommon trap: reason=unstable_if action=reinterpret pc=0x00000000035c4828 method=java.util.regex.Pattern.sequence(Ljava/util/regex/Pattern$Node;)Ljava/util/regex/Pattern$Node; @ 536
Event: 12.407 Thread 0x000000001884d000 Uncommon trap: reason=unstable_if action=reinterpret pc=0x00000000035bfc90 method=java.util.regex.Pattern.closure(Ljava/util/regex/Pattern$Node;)Ljava/util/regex/Pattern$Node; @ 77
Event: 12.460 Thread 0x000000001884d000 Uncommon trap: reason=unstable_if action=reinterpret pc=0x0000000003459070 method=org.gradle.internal.reflect.PropertyAccessorType.of(Ljava/lang/reflect/Method;)Lorg/gradle/internal/reflect/PropertyAccessorType; @ 56
Event: 12.828 Thread 0x000000001884d000 Uncommon trap: reason=unstable_if action=reinterpret pc=0x0000000002a300a4 method=java.lang.String.replace(CC)Ljava/lang/String; @ 2
Event: 12.832 Thread 0x000000001884d000 Uncommon trap: reason=unstable_if action=reinterpret pc=0x00000000033b9484 method=groovy.lang.MetaClassImpl.checkIfStdMethod(Lgroovy/lang/MetaMethod;)V @ 55
Event: 12.832 Thread 0x000000001884d000 Uncommon trap: reason=unstable_if action=reinterpret pc=0x000000000336d0d0 method=groovy.lang.MetaClassImpl.checkIfStdMethod(Lgroovy/lang/MetaMethod;)V @ 55
Event: 12.832 Thread 0x000000001884d000 Uncommon trap: reason=unstable_if action=reinterpret pc=0x000000000384b5e8 method=org.codehaus.groovy.runtime.metaclass.MetaMethodIndex.copyNonPrivateNonNewMetaMethods(Lorg/codehaus/groovy/runtime/metaclass/MetaMethodIndex$Entry;Lorg/codehaus/groovy/runti
Event: 12.832 Thread 0x000000001884d000 Uncommon trap: reason=unstable_if action=reinterpret pc=0x000000000340d708 method=groovy.lang.MetaClassImpl$1MOPIter.methodNameAction(Ljava/lang/Class;Lorg/codehaus/groovy/runtime/metaclass/MetaMethodIndex$Entry;)V @ 182
Event: 12.863 Thread 0x000000001884d000 Uncommon trap: reason=bimorphic action=maybe_recompile pc=0x00000000031b5d20 method=java.util.AbstractCollection.addAll(Ljava/util/Collection;)Z @ 29

Classes redefined (0 events):
No events

Internal exceptions (10 events):
Event: 13.006 Thread 0x000000001884d000 Exception <a 'java/lang/ClassNotFoundException': org/gradle/api/internal/NamedDomainObjectContainerConfigureDelegateCustomizer> (0x00000000f6eb8560) thrown at [C:\cygwin64\tmp\build\source\java-1.8.0-openjdk\tmp\jdk8u\hotspot\src\share\vm\classfile\system
Event: 13.014 Thread 0x000000001884d000 Exception <a 'java/lang/ClassNotFoundException': com/android/build/gradle/internal/dsl/SigningConfig_DecoratedBeanInfo> (0x00000000f6f25f50) thrown at [C:\cygwin64\tmp\build\source\java-1.8.0-openjdk\tmp\jdk8u\hotspot\src\share\vm\classfile\systemDictiona
Event: 13.014 Thread 0x000000001884d000 Exception <a 'java/lang/ClassNotFoundException': com/android/build/gradle/internal/dsl/SigningConfigBeanInfo> (0x00000000f6f410e0) thrown at [C:\cygwin64\tmp\build\source\java-1.8.0-openjdk\tmp\jdk8u\hotspot\src\share\vm\classfile\systemDictionary.cpp, li
Event: 13.015 Thread 0x000000001884d000 Exception <a 'java/lang/ClassNotFoundException': com/android/builder/signing/DefaultSigningConfigBeanInfo> (0x00000000f6f5b3e0) thrown at [C:\cygwin64\tmp\build\source\java-1.8.0-openjdk\tmp\jdk8u\hotspot\src\share\vm\classfile\systemDictionary.cpp, line 
Event: 13.016 Thread 0x000000001884d000 Exception <a 'java/lang/ClassNotFoundException': com/android/builder/signing/DefaultSigningConfigCustomizer> (0x00000000f6f75718) thrown at [C:\cygwin64\tmp\build\source\java-1.8.0-openjdk\tmp\jdk8u\hotspot\src\share\vm\classfile\systemDictionary.cpp, lin
Event: 13.017 Thread 0x000000001884d000 Exception <a 'java/lang/ClassNotFoundException': com/android/build/gradle/internal/dsl/SigningConfigCustomizer> (0x00000000f6fa2b78) thrown at [C:\cygwin64\tmp\build\source\java-1.8.0-openjdk\tmp\jdk8u\hotspot\src\share\vm\classfile\systemDictionary.cpp, 
Event: 13.018 Thread 0x000000001884d000 Exception <a 'java/lang/ClassNotFoundException': com/android/build/gradle/internal/dsl/SigningConfig_DecoratedCustomizer> (0x00000000f6fd6950) thrown at [C:\cygwin64\tmp\build\source\java-1.8.0-openjdk\tmp\jdk8u\hotspot\src\share\vm\classfile\systemDictio
Event: 13.020 Thread 0x000000001884d000 Exception <a 'java/lang/ClassNotFoundException': build_bww2lwpdkpnmcxaqh387e2txi$_run_closure1$_closure7BeanInfo> (0x00000000f702ff20) thrown at [C:\cygwin64\tmp\build\source\java-1.8.0-openjdk\tmp\jdk8u\hotspot\src\share\vm\classfile\systemDictionary.cpp
Event: 13.021 Thread 0x000000001884d000 Exception <a 'java/lang/ClassNotFoundException': build_bww2lwpdkpnmcxaqh387e2txi$_run_closure1$_closure7Customizer> (0x00000000f70417d0) thrown at [C:\cygwin64\tmp\build\source\java-1.8.0-openjdk\tmp\jdk8u\hotspot\src\share\vm\classfile\systemDictionary.c
Event: 13.029 Thread 0x000000001884d000 Exception <a 'java/lang/ClassNotFoundException': build_bww2lwpdkpnmcxaqh387e2txi$_run_closure1BeanInfo> (0x00000000f7073d38) thrown at [C:\cygwin64\tmp\build\source\java-1.8.0-openjdk\tmp\jdk8u\hotspot\src\share\vm\classfile\systemDictionary.cpp, line 217

Events (10 events):
Event: 13.020 loading class build_bww2lwpdkpnmcxaqh387e2txi$_run_closure1$_closure7BeanInfo
Event: 13.020 loading class build_bww2lwpdkpnmcxaqh387e2txi$_run_closure1$_closure7BeanInfo done
Event: 13.021 loading class build_bww2lwpdkpnmcxaqh387e2txi$_run_closure1$_closure7Customizer
Event: 13.021 loading class build_bww2lwpdkpnmcxaqh387e2txi$_run_closure1$_closure7Customizer done
Event: 13.021 loading class build_bww2lwpdkpnmcxaqh387e2txi$_run_closure1$_closure7Customizer
Event: 13.021 loading class build_bww2lwpdkpnmcxaqh387e2txi$_run_closure1$_closure7Customizer done
Event: 13.028 loading class build_bww2lwpdkpnmcxaqh387e2txi$_run_closure1BeanInfo
Event: 13.028 loading class build_bww2lwpdkpnmcxaqh387e2txi$_run_closure1BeanInfo done
Event: 13.029 loading class build_bww2lwpdkpnmcxaqh387e2txi$_run_closure1BeanInfo
Event: 13.029 loading class build_bww2lwpdkpnmcxaqh387e2txi$_run_closure1BeanInfo done


Dynamic libraries:
0x00007ff613510000 - 0x00007ff613545000 	C:\Program Files\OpenJDK\openjdk-8u272-b10\bin\java.exe
0x00007ffc2fba0000 - 0x00007ffc2fd90000 	C:\WINDOWS\SYSTEM32\ntdll.dll
0x00007ffc2a2e0000 - 0x00007ffc2a2f2000 	C:\Program Files\AVAST Software\Avast\aswhook.dll
0x00007ffc2f090000 - 0x00007ffc2f142000 	C:\WINDOWS\System32\KERNEL32.DLL
0x00007ffc2c550000 - 0x00007ffc2c7f5000 	C:\WINDOWS\System32\KERNELBASE.dll
0x00007ffc2f270000 - 0x00007ffc2f313000 	C:\WINDOWS\System32\ADVAPI32.dll
0x00007ffc2dbb0000 - 0x00007ffc2dc4e000 	C:\WINDOWS\System32\msvcrt.dll
0x00007ffc2d770000 - 0x00007ffc2d807000 	C:\WINDOWS\System32\sechost.dll
0x00007ffc2f4a0000 - 0x00007ffc2f5c0000 	C:\WINDOWS\System32\RPCRT4.dll
0x00007ffc2d5d0000 - 0x00007ffc2d764000 	C:\WINDOWS\System32\USER32.dll
0x00007ffc2c850000 - 0x00007ffc2c871000 	C:\WINDOWS\System32\win32u.dll
0x00007ffc2f470000 - 0x00007ffc2f496000 	C:\WINDOWS\System32\GDI32.dll
0x00007ffc2c2e0000 - 0x00007ffc2c476000 	C:\WINDOWS\System32\gdi32full.dll
0x00007ffc2c990000 - 0x00007ffc2ca2e000 	C:\WINDOWS\System32\msvcp_win.dll
0x00007ffc2ca30000 - 0x00007ffc2cb2a000 	C:\WINDOWS\System32\ucrtbase.dll
0x00007ffc1f860000 - 0x00007ffc1fae4000 	C:\WINDOWS\WinSxS\amd64_microsoft.windows.common-controls_6595b64144ccf1df_6.0.18362.1198_none_9e820b57e45ad92f\COMCTL32.dll
0x00007ffc2f5c0000 - 0x00007ffc2f8f5000 	C:\WINDOWS\System32\combase.dll
0x00007ffc2c480000 - 0x00007ffc2c500000 	C:\WINDOWS\System32\bcryptPrimitives.dll
0x00007ffc2dc50000 - 0x00007ffc2dc7e000 	C:\WINDOWS\System32\IMM32.DLL
0x0000000075cc0000 - 0x0000000075d92000 	C:\Program Files\OpenJDK\openjdk-8u272-b10\jre\bin\msvcr100.dll
0x0000000071b00000 - 0x0000000072394000 	C:\Program Files\OpenJDK\openjdk-8u272-b10\jre\bin\server\jvm.dll
0x00007ffc2f460000 - 0x00007ffc2f468000 	C:\WINDOWS\System32\PSAPI.DLL
0x00007ffc1ccd0000 - 0x00007ffc1ccd9000 	C:\WINDOWS\SYSTEM32\WSOCK32.dll
0x00007ffc2f200000 - 0x00007ffc2f26f000 	C:\WINDOWS\System32\WS2_32.dll
0x00007ffc2a200000 - 0x00007ffc2a224000 	C:\WINDOWS\SYSTEM32\WINMM.dll
0x00007ffc279a0000 - 0x00007ffc279aa000 	C:\WINDOWS\SYSTEM32\VERSION.dll
0x00007ffc2a1a0000 - 0x00007ffc2a1cd000 	C:\WINDOWS\SYSTEM32\WINMMBASE.dll
0x00007ffc2c800000 - 0x00007ffc2c84a000 	C:\WINDOWS\System32\cfgmgr32.dll
0x00007ffc252c0000 - 0x00007ffc252cf000 	C:\Program Files\OpenJDK\openjdk-8u272-b10\jre\bin\verify.dll
0x00007ffc1d5c0000 - 0x00007ffc1d5e9000 	C:\Program Files\OpenJDK\openjdk-8u272-b10\jre\bin\java.dll
0x00007ffc1f2e0000 - 0x00007ffc1f2f6000 	C:\Program Files\OpenJDK\openjdk-8u272-b10\jre\bin\zip.dll
0x00007ffc2dc80000 - 0x00007ffc2e367000 	C:\WINDOWS\System32\SHELL32.dll
0x00007ffc2eb70000 - 0x00007ffc2ec19000 	C:\WINDOWS\System32\shcore.dll
0x00007ffc2cb30000 - 0x00007ffc2d2b1000 	C:\WINDOWS\System32\windows.storage.dll
0x00007ffc2c160000 - 0x00007ffc2c183000 	C:\WINDOWS\System32\profapi.dll
0x00007ffc2c0d0000 - 0x00007ffc2c11a000 	C:\WINDOWS\System32\powrprof.dll
0x00007ffc2c0c0000 - 0x00007ffc2c0d0000 	C:\WINDOWS\System32\UMPDC.dll
0x00007ffc2d490000 - 0x00007ffc2d4e2000 	C:\WINDOWS\System32\shlwapi.dll
0x00007ffc2c120000 - 0x00007ffc2c131000 	C:\WINDOWS\System32\kernel.appcore.dll
0x00007ffc2c530000 - 0x00007ffc2c547000 	C:\WINDOWS\System32\cryptsp.dll
0x00007ffc1d7e0000 - 0x00007ffc1d7fb000 	C:\Program Files\OpenJDK\openjdk-8u272-b10\jre\bin\net.dll
0x00007ffc2b8b0000 - 0x00007ffc2b917000 	C:\WINDOWS\system32\mswsock.dll
0x00007ffc1d5a0000 - 0x00007ffc1d5b2000 	C:\Program Files\OpenJDK\openjdk-8u272-b10\jre\bin\nio.dll
0x00007ffc1d570000 - 0x00007ffc1d59a000 	C:\Users\Home\.gradle\native\36\windows-amd64\native-platform.dll
0x00007ffc1ce40000 - 0x00007ffc1ce4d000 	C:\Program Files\OpenJDK\openjdk-8u272-b10\jre\bin\management.dll
0x00007ffc2b420000 - 0x00007ffc2b453000 	C:\WINDOWS\system32\rsaenh.dll
0x00007ffc2c500000 - 0x00007ffc2c526000 	C:\WINDOWS\System32\bcrypt.dll
0x00007ffc2bfe0000 - 0x00007ffc2c005000 	C:\WINDOWS\SYSTEM32\USERENV.dll
0x00007ffc2ba80000 - 0x00007ffc2ba8c000 	C:\WINDOWS\SYSTEM32\CRYPTBASE.dll
0x00007ffc2b5c0000 - 0x00007ffc2b5fa000 	C:\WINDOWS\SYSTEM32\IPHLPAPI.DLL
0x00007ffc2e370000 - 0x00007ffc2e378000 	C:\WINDOWS\System32\NSI.dll
0x00007ffc269f0000 - 0x00007ffc26a06000 	C:\WINDOWS\SYSTEM32\dhcpcsvc6.DLL
0x00007ffc26ba0000 - 0x00007ffc26bbc000 	C:\WINDOWS\SYSTEM32\dhcpcsvc.DLL
0x00007ffc2b600000 - 0x00007ffc2b6cb000 	C:\WINDOWS\SYSTEM32\DNSAPI.dll

VM Arguments:
jvm_args: -XX:MaxMetaspaceSize=256m -XX:+HeapDumpOnOutOfMemoryError -Xms256m -Xmx512m -Dfile.encoding=windows-1251 -Duser.country=RU -Duser.language=ru -Duser.variant 
java_command: org.gradle.launcher.daemon.bootstrap.GradleDaemon 6.2
java_class_path (initial): C:\Users\Home\.gradle\wrapper\dists\gradle-6.2-all\dvufqs6kielxeao781pmk5huj\gradle-6.2\lib\gradle-launcher-6.2.jar
Launcher Type: SUN_STANDARD

Environment Variables:
JAVA_HOME=C:\Program Files\OpenJDK\openjdk-8u272-b10
CLASSPATH=D:\Projects\PrayerX\android\\gradle\wrapper\gradle-wrapper.jar
PATH=D:\Projects\PrayerX\android\node_modules\.bin;D:\Projects\PrayerX\node_modules\.bin;D:\Projects\node_modules\.bin;D:\node_modules\.bin;C:\Program Files\nodejs;D:\Projects\PrayerX\node_modules\.bin;D:\Projects\PrayerX\node_modules\.bin;C:\ProgramData\Oracle\Java\javapath;C:\Windows\system32;C:\Windows;C:\Windows\System32\Wbem;C:\Windows\System32\WindowsPowerShell\v1.0\;C:\Program Files (x86)\NVIDIA Corporation\PhysX\Common;C:\Program Files\NVIDIA Corporation\NVIDIA NvDLISR;C:\Program Files (x86)\Common Files\Acronis\VirtualFile\;C:\Program Files (x86)\Common Files\Acronis\VirtualFile64\;C:\Program Files (x86)\Common Files\Acronis\SnapAPI\;C:\Program Files\nodejs\;C:\Program Files (x86)\Yarn\bin\;C:\WINDOWS\system32;C:\WINDOWS;C:\WINDOWS\System32\Wbem;C:\WINDOWS\System32\WindowsPowerShell\v1.0\;C:\WINDOWS\System32\OpenSSH\;C:\Program Files\Microsoft VS Code\bin;C:\Program Files\Git\cmd;C:\Program Files\Sublime Text 3;C:\ProgramData\chocolatey\bin;C:\Program Files\OpenJDK\openjdk-8u272-b10\bin;C:\Users\Home\AppData\Local\Programs\Python\Python38-32\Scripts\;C:\Users\Home\AppData\Local\Programs\Python\Python38-32\;C:\Users\Home\AppData\Local\GitHubDesktop\bin;C:\Users\Home\AppData\Roaming\npm;C:\Users\Home\AppData\Local\Yarn\bin;C:\Users\Home\AppData\Local\Microsoft\WindowsApps;C:\Program Files\JetBrains\WebStorm 2019.3.3\bin;;C:\Program Files\JetBrains\PhpStorm 2020.2.2\bin;;C:\Users\Home\AppData\Local\Android\Sdk\platform-tools;
USERNAME=Home
OS=Windows_NT
PROCESSOR_IDENTIFIER=Intel64 Family 6 Model 30 Stepping 5, GenuineIntel



---------------  S Y S T E M  ---------------

OS: Windows 10.0 , 64 bit Build 18362 (10.0.18362.1110)

CPU:total 8 (initial active 8) (4 cores per cpu, 2 threads per core) family 6 model 30 stepping 5, cmov, cx8, fxsr, mmx, sse, sse2, sse3, ssse3, sse4.1, sse4.2, popcnt, ht, tsc, tscinvbit

Memory: 4k page, physical 16772596k(2877772k free), swap 17821172k(2544k free)

vm_info: OpenJDK 64-Bit Server VM (25.272-b10) for windows-amd64 JRE (1.8.0_272-b10), built on Oct 19 2020 14:41:31 by "build" with MS VC++ 10.0 (VS2010)

time: Fri Nov 20 22:01:21 2020
timezone: Центральная Азия (зима)
elapsed time: 13.088526 seconds (0d 0h 0m 13s)

