#
# There is insufficient memory for the Java Runtime Environment to continue.
# Native memory allocation (malloc) failed to allocate 1079216 bytes for Chunk::new
# Possible reasons:
#   The system is out of physical RAM or swap space
#   The process is running with CompressedOops enabled, and the Java Heap may be blocking the growth of the native heap
# Possible solutions:
#   Reduce memory load on the system
#   Increase physical memory or swap space
#   Check if swap backing store is full
#   Decrease Java heap size (-Xmx/-Xms)
#   Decrease number of Java threads
#   Decrease Java thread stack sizes (-Xss)
#   Set larger code cache with -XX:ReservedCodeCacheSize=
#   JVM is running with Unscaled Compressed Oops mode in which the Java heap is
#     placed in the first 4GB address space. The Java Heap base address is the
#     maximum limit for the native heap growth. Please use -XX:HeapBaseMinAddress
#     to set the Java Heap base and to place the Java Heap above 4GB virtual address.
# This output file may be truncated or incomplete.
#
#  Out of Memory Error (allocation.cpp:389), pid=11396, tid=0x0000000000002ef0
#
# JRE version: OpenJDK Runtime Environment (8.0_272-b10) (build 1.8.0_272-b10)
# Java VM: OpenJDK 64-Bit Server VM (25.272-b10 mixed mode windows-amd64 compressed oops)
# Failed to write core dump. Minidumps are not enabled by default on client versions of Windows
#

---------------  T H R E A D  ---------------

Current thread (0x0000000015978000):  JavaThread "C2 CompilerThread2" daemon [_thread_in_native, id=12016, stack(0x0000000016440000,0x0000000016540000)]

Stack: [0x0000000016440000,0x0000000016540000]
[error occurred during error reporting (printing stack bounds), id 0xc0000005]

Native frames: (J=compiled Java code, j=interpreted, Vv=VM code, C=native code)


Current CompileTask:
C2:   1972 1413   !   4       java.net.URLClassLoader$1::run (63 bytes)


---------------  P R O C E S S  ---------------

Java Threads: ( => current thread )
  0x00000000182ab800 JavaThread "Cache worker for file hash cache (C:\Users\Home\.gradle\caches\6.2\fileHashes)" [_thread_blocked, id=11256, stack(0x000000001a770000,0x000000001a870000)]
  0x00000000182aa000 JavaThread "File lock request listener" [_thread_in_native, id=516, stack(0x000000001a670000,0x000000001a770000)]
  0x00000000182ae000 JavaThread "Cache worker for journal cache (C:\Users\Home\.gradle\caches\journal-1)" [_thread_blocked, id=11696, stack(0x000000001a570000,0x000000001a670000)]
  0x000000001831c000 JavaThread "Thread-9" [_thread_blocked, id=13584, stack(0x000000001a270000,0x000000001a370000)]
  0x0000000018339800 JavaThread "Stdin handler" [_thread_blocked, id=4856, stack(0x000000001a170000,0x000000001a270000)]
  0x0000000018318000 JavaThread "Asynchronous log dispatcher for DefaultDaemonConnection: socket connection from /127.0.0.1:52473 to /127.0.0.1:52474" [_thread_blocked, id=14444, stack(0x0000000019f70000,0x000000001a070000)]
  0x0000000018321800 JavaThread "Daemon worker" [_thread_in_Java, id=11088, stack(0x0000000019e70000,0x0000000019f70000)]
  0x0000000018315800 JavaThread "Cancel handler" [_thread_blocked, id=14096, stack(0x0000000019b70000,0x0000000019c70000)]
  0x000000001769a000 JavaThread "Handler for socket connection from /127.0.0.1:52473 to /127.0.0.1:52474" [_thread_in_native, id=12756, stack(0x0000000019a70000,0x0000000019b70000)]
  0x0000000018296000 JavaThread "Daemon" [_thread_blocked, id=1672, stack(0x0000000019970000,0x0000000019a70000)]
  0x0000000018306800 JavaThread "Daemon periodic checks" [_thread_blocked, id=14400, stack(0x0000000019870000,0x0000000019970000)]
  0x00000000181e6000 JavaThread "Incoming local TCP Connector on port 52473" [_thread_in_native, id=14588, stack(0x0000000019620000,0x0000000019720000)]
  0x0000000018238000 JavaThread "Daemon health stats" [_thread_blocked, id=11856, stack(0x0000000018fe0000,0x00000000190e0000)]
  0x0000000015a07800 JavaThread "Service Thread" daemon [_thread_blocked, id=10476, stack(0x0000000016640000,0x0000000016740000)]
  0x000000001597d000 JavaThread "C1 CompilerThread3" daemon [_thread_in_vm, id=4460, stack(0x0000000016540000,0x0000000016640000)]
=>0x0000000015978000 JavaThread "C2 CompilerThread2" daemon [_thread_in_native, id=12016, stack(0x0000000016440000,0x0000000016540000)]
  0x0000000015969000 JavaThread "C2 CompilerThread1" daemon [_thread_in_native, id=1660, stack(0x0000000016340000,0x0000000016440000)]
  0x0000000015966000 JavaThread "C2 CompilerThread0" daemon [_thread_in_native, id=10040, stack(0x0000000016240000,0x0000000016340000)]
  0x0000000015961000 JavaThread "Attach Listener" daemon [_thread_blocked, id=1916, stack(0x0000000016140000,0x0000000016240000)]
  0x0000000015960000 JavaThread "Signal Dispatcher" daemon [_thread_blocked, id=5876, stack(0x0000000016040000,0x0000000016140000)]
  0x0000000015950800 JavaThread "Finalizer" daemon [_thread_blocked, id=11388, stack(0x0000000015e30000,0x0000000015f30000)]
  0x0000000013b3c000 JavaThread "Reference Handler" daemon [_thread_blocked, id=10204, stack(0x0000000015d30000,0x0000000015e30000)]
  0x00000000021ce800 JavaThread "main" [_thread_blocked, id=10640, stack(0x0000000002030000,0x0000000002130000)]

Other Threads:
  0x0000000013b38000 VMThread [stack: 0x0000000015830000,0x0000000015930000] [id=844]
  0x00000000159c6000 WatcherThread [stack: 0x0000000016740000,0x0000000016840000] [id=14644]

VM state:not at safepoint (normal execution)

VM Mutex/Monitor currently owned by a thread:  ([mutex/lock_event])
[0x00000000021cdff0] CodeCache_lock - owner thread: 0x0000000000000000
[0x00000000021d12e0] CompiledIC_lock - owner thread: 0x000000001597d000

heap address: 0x00000000e0000000, size: 512 MB, Compressed Oops mode: 32-bit
Narrow klass base: 0x0000000000000000, Narrow klass shift: 3
Compressed class space size: 1073741824 Address: 0x0000000100000000

Heap:
 PSYoungGen      total 76288K, used 33687K [0x00000000f5580000, 0x00000000faa80000, 0x0000000100000000)
  eden space 65536K, 37% used [0x00000000f5580000,0x00000000f6d2f298,0x00000000f9580000)
  from space 10752K, 87% used [0x00000000fa000000,0x00000000fa9369e8,0x00000000faa80000)
  to   space 10752K, 0% used [0x00000000f9580000,0x00000000f9580000,0x00000000fa000000)
 ParOldGen       total 175104K, used 24K [0x00000000e0000000, 0x00000000eab00000, 0x00000000f5580000)
  object space 175104K, 0% used [0x00000000e0000000,0x00000000e0006000,0x00000000eab00000)
 Metaspace       used 16664K, capacity 17092K, committed 17408K, reserved 1064960K
  class space    used 2324K, capacity 2476K, committed 2560K, reserved 1048576K

Card table byte_map: [0x0000000011690000,0x00000000117a0000] byte_map_base: 0x0000000010f90000

Marking Bits: (ParMarkBitMap*) 0x00000000723123c0
 Begin Bits: [0x0000000012050000, 0x0000000012850000)
 End Bits:   [0x0000000012850000, 0x0000000013050000)

Polling page: 0x00000000005f0000

CodeCache: size=245760Kb used=5366Kb max_used=5366Kb free=240393Kb
 bounds [0x00000000022d0000, 0x0000000002810000, 0x00000000112d0000]
 total_blobs=1864 nmethods=1465 adapters=311
 compilation: disabled (not enough contiguous free space left)

Compilation events (10 events):
Event: 1.970 Thread 0x000000001597d000 nmethod 1458 0x0000000002806f90 code [0x0000000002807260, 0x0000000002808708]
Event: 1.970 Thread 0x000000001597d000 1460       3       com.google.common.io.LineReader$1::handleLine (15 bytes)
Event: 1.970 Thread 0x000000001597d000 nmethod 1460 0x0000000002809050 code [0x00000000028091c0, 0x00000000028093e8]
Event: 1.970 Thread 0x000000001597d000 1461       3       java.util.Collections::unmodifiableList (27 bytes)
Event: 1.970 Thread 0x000000001597d000 nmethod 1461 0x0000000002809510 code [0x00000000028096e0, 0x0000000002809f38]
Event: 1.970 Thread 0x000000001597d000 1455       1       com.google.common.base.Splitter::access$200 (5 bytes)
Event: 1.970 Thread 0x000000001597d000 nmethod 1455 0x000000000280a350 code [0x000000000280a4a0, 0x000000000280a590]
Event: 1.970 Thread 0x000000001597d000 1456       1       com.google.common.base.Splitter::access$300 (5 bytes)
Event: 1.971 Thread 0x000000001597d000 nmethod 1456 0x000000000280a610 code [0x000000000280a760, 0x000000000280a850]
Event: 1.971 Thread 0x000000001597d000 1462       3       com.google.common.io.LineBuffer::finishLine (63 bytes)

GC Heap History (4 events):
Event: 1.030 GC heap before
{Heap before GC invocations=1 (full 0):
 PSYoungGen      total 76288K, used 65536K [0x00000000f5580000, 0x00000000faa80000, 0x0000000100000000)
  eden space 65536K, 100% used [0x00000000f5580000,0x00000000f9580000,0x00000000f9580000)
  from space 10752K, 0% used [0x00000000fa000000,0x00000000fa000000,0x00000000faa80000)
  to   space 10752K, 0% used [0x00000000f9580000,0x00000000f9580000,0x00000000fa000000)
 ParOldGen       total 175104K, used 0K [0x00000000e0000000, 0x00000000eab00000, 0x00000000f5580000)
  object space 175104K, 0% used [0x00000000e0000000,0x00000000e0000000,0x00000000eab00000)
 Metaspace       used 7790K, capacity 7994K, committed 8320K, reserved 1056768K
  class space    used 976K, capacity 1045K, committed 1152K, reserved 1048576K
Event: 1.035 GC heap after
Heap after GC invocations=1 (full 0):
 PSYoungGen      total 76288K, used 5844K [0x00000000f5580000, 0x00000000faa80000, 0x0000000100000000)
  eden space 65536K, 0% used [0x00000000f5580000,0x00000000f5580000,0x00000000f9580000)
  from space 10752K, 54% used [0x00000000f9580000,0x00000000f9b35008,0x00000000fa000000)
  to   space 10752K, 0% used [0x00000000fa000000,0x00000000fa000000,0x00000000faa80000)
 ParOldGen       total 175104K, used 16K [0x00000000e0000000, 0x00000000eab00000, 0x00000000f5580000)
  object space 175104K, 0% used [0x00000000e0000000,0x00000000e0004000,0x00000000eab00000)
 Metaspace       used 7790K, capacity 7994K, committed 8320K, reserved 1056768K
  class space    used 976K, capacity 1045K, committed 1152K, reserved 1048576K
}
Event: 1.782 GC heap before
{Heap before GC invocations=2 (full 0):
 PSYoungGen      total 76288K, used 71380K [0x00000000f5580000, 0x00000000faa80000, 0x0000000100000000)
  eden space 65536K, 100% used [0x00000000f5580000,0x00000000f9580000,0x00000000f9580000)
  from space 10752K, 54% used [0x00000000f9580000,0x00000000f9b35008,0x00000000fa000000)
  to   space 10752K, 0% used [0x00000000fa000000,0x00000000fa000000,0x00000000faa80000)
 ParOldGen       total 175104K, used 16K [0x00000000e0000000, 0x00000000eab00000, 0x00000000f5580000)
  object space 175104K, 0% used [0x00000000e0000000,0x00000000e0004000,0x00000000eab00000)
 Metaspace       used 14959K, capacity 15278K, committed 15488K, reserved 1062912K
  class space    used 2038K, capacity 2167K, committed 2176K, reserved 1048576K
Event: 1.788 GC heap after
Heap after GC invocations=2 (full 0):
 PSYoungGen      total 76288K, used 9434K [0x00000000f5580000, 0x00000000faa80000, 0x0000000100000000)
  eden space 65536K, 0% used [0x00000000f5580000,0x00000000f5580000,0x00000000f9580000)
  from space 10752K, 87% used [0x00000000fa000000,0x00000000fa9369e8,0x00000000faa80000)
  to   space 10752K, 0% used [0x00000000f9580000,0x00000000f9580000,0x00000000fa000000)
 ParOldGen       total 175104K, used 24K [0x00000000e0000000, 0x00000000eab00000, 0x00000000f5580000)
  object space 175104K, 0% used [0x00000000e0000000,0x00000000e0006000,0x00000000eab00000)
 Metaspace       used 14959K, capacity 15278K, committed 15488K, reserved 1062912K
  class space    used 2038K, capacity 2167K, committed 2176K, reserved 1048576K
}

Deoptimization events (10 events):
Event: 1.522 Thread 0x0000000018321800 Uncommon trap: reason=bimorphic action=maybe_recompile pc=0x0000000002595aa4 method=java.util.HashMap.putVal(ILjava/lang/Object;Ljava/lang/Object;ZZ)Ljava/lang/Object; @ 253
Event: 1.522 Thread 0x0000000018321800 Uncommon trap: reason=bimorphic action=maybe_recompile pc=0x0000000002595aa4 method=java.util.HashMap.putVal(ILjava/lang/Object;Ljava/lang/Object;ZZ)Ljava/lang/Object; @ 253
Event: 1.522 Thread 0x0000000018321800 Uncommon trap: reason=bimorphic action=maybe_recompile pc=0x0000000002595aa4 method=java.util.HashMap.putVal(ILjava/lang/Object;Ljava/lang/Object;ZZ)Ljava/lang/Object; @ 253
Event: 1.522 Thread 0x0000000018321800 Uncommon trap: reason=bimorphic action=maybe_recompile pc=0x0000000002598220 method=java.util.HashMap.putVal(ILjava/lang/Object;Ljava/lang/Object;ZZ)Ljava/lang/Object; @ 253
Event: 1.683 Thread 0x0000000018321800 Uncommon trap: reason=class_check action=maybe_recompile pc=0x0000000002618418 method=java.util.regex.Matcher.match(II)Z @ 86
Event: 1.695 Thread 0x0000000018321800 Uncommon trap: reason=class_check action=maybe_recompile pc=0x0000000002618418 method=java.util.regex.Matcher.match(II)Z @ 86
Event: 1.695 Thread 0x0000000018321800 Uncommon trap: reason=class_check action=maybe_recompile pc=0x0000000002618418 method=java.util.regex.Matcher.match(II)Z @ 86
Event: 1.696 Thread 0x0000000018321800 Uncommon trap: reason=class_check action=maybe_recompile pc=0x0000000002489c44 method=java.util.regex.Matcher.match(II)Z @ 86
Event: 1.889 Thread 0x0000000018321800 Uncommon trap: reason=unstable_if action=reinterpret pc=0x0000000002610310 method=java.io.File.getName()Ljava/lang/String; @ 16
Event: 1.889 Thread 0x0000000018321800 Uncommon trap: reason=unstable_if action=reinterpret pc=0x000000000260f708 method=java.lang.String.substring(I)Ljava/lang/String; @ 35

Classes redefined (0 events):
No events

Internal exceptions (10 events):
Event: 0.495 Thread 0x00000000021ce800 Exception <a 'java/lang/ArrayIndexOutOfBoundsException'> (0x00000000f6b466d0) thrown at [C:\cygwin64\tmp\build\source\java-1.8.0-openjdk\tmp\jdk8u\hotspot\src\share\vm\runtime\sharedRuntime.cpp, line 605]
Event: 0.496 Thread 0x00000000021ce800 Exception <a 'java/lang/ArrayIndexOutOfBoundsException'> (0x00000000f6b53358) thrown at [C:\cygwin64\tmp\build\source\java-1.8.0-openjdk\tmp\jdk8u\hotspot\src\share\vm\runtime\sharedRuntime.cpp, line 605]
Event: 0.496 Thread 0x00000000021ce800 Exception <a 'java/lang/ArrayIndexOutOfBoundsException'> (0x00000000f6b56368) thrown at [C:\cygwin64\tmp\build\source\java-1.8.0-openjdk\tmp\jdk8u\hotspot\src\share\vm\runtime\sharedRuntime.cpp, line 605]
Event: 0.496 Thread 0x00000000021ce800 Exception <a 'java/lang/ArrayIndexOutOfBoundsException'> (0x00000000f6b62048) thrown at [C:\cygwin64\tmp\build\source\java-1.8.0-openjdk\tmp\jdk8u\hotspot\src\share\vm\runtime\sharedRuntime.cpp, line 605]
Event: 0.497 Thread 0x00000000021ce800 Exception <a 'java/lang/ArrayIndexOutOfBoundsException'> (0x00000000f6b6d730) thrown at [C:\cygwin64\tmp\build\source\java-1.8.0-openjdk\tmp\jdk8u\hotspot\src\share\vm\runtime\sharedRuntime.cpp, line 605]
Event: 0.498 Thread 0x00000000021ce800 Exception <a 'java/lang/ArrayIndexOutOfBoundsException'> (0x00000000f6b7b790) thrown at [C:\cygwin64\tmp\build\source\java-1.8.0-openjdk\tmp\jdk8u\hotspot\src\share\vm\runtime\sharedRuntime.cpp, line 605]
Event: 1.468 Thread 0x00000000021ce800 Exception <a 'java/io/IOException'> (0x00000000f7292358) thrown at [C:\cygwin64\tmp\build\source\java-1.8.0-openjdk\tmp\jdk8u\hotspot\src\share\vm\prims\jni.cpp, line 711]
Event: 1.924 Thread 0x0000000018321800 Exception <a 'java/lang/NoSuchMethodError': java.lang.Object.lambda$and$0(Ljava/util/function/Predicate;Ljava/lang/Object;)Z> (0x00000000f6969f28) thrown at [C:\cygwin64\tmp\build\source\java-1.8.0-openjdk\tmp\jdk8u\hotspot\src\share\vm\interpreter\linkRe
Event: 1.928 Thread 0x0000000018321800 Exception <a 'java/lang/IncompatibleClassChangeError': Found class java.lang.Object, but interface was expected> (0x00000000f697a7b0) thrown at [C:\cygwin64\tmp\build\source\java-1.8.0-openjdk\tmp\jdk8u\hotspot\src\share\vm\interpreter\linkResolver.cpp, l
Event: 1.930 Thread 0x0000000018321800 Exception <a 'java/lang/NoSuchMethodError': java.lang.Object.lambda$or$2(Ljava/util/function/Predicate;Ljava/lang/Object;)Z> (0x00000000f697f748) thrown at [C:\cygwin64\tmp\build\source\java-1.8.0-openjdk\tmp\jdk8u\hotspot\src\share\vm\interpreter\linkRes

Events (10 events):
Event: 1.964 loading class com/google/common/base/Splitter$SplittingIterator
Event: 1.964 loading class com/google/common/base/Splitter$SplittingIterator done
Event: 1.964 loading class com/google/common/base/AbstractIterator
Event: 1.964 loading class com/google/common/base/AbstractIterator done
Event: 1.964 loading class com/google/common/base/Splitter$1$1
Event: 1.964 loading class com/google/common/base/Splitter$1$1 done
Event: 1.965 loading class com/google/common/base/AbstractIterator$State
Event: 1.965 loading class com/google/common/base/AbstractIterator$State done
Event: 1.965 loading class com/google/common/base/AbstractIterator$1
Event: 1.965 loading class com/google/common/base/AbstractIterator$1 done


Dynamic libraries:
0x00007ff613510000 - 0x00007ff613545000 	C:\Program Files\OpenJDK\openjdk-8u272-b10\bin\java.exe
0x00007ffc2fba0000 - 0x00007ffc2fd90000 	C:\WINDOWS\SYSTEM32\ntdll.dll
0x00007ffc2a2e0000 - 0x00007ffc2a2f2000 	C:\Program Files\AVAST Software\Avast\aswhook.dll
0x00007ffc2f090000 - 0x00007ffc2f142000 	C:\WINDOWS\System32\KERNEL32.DLL
0x00007ffc2c550000 - 0x00007ffc2c7f5000 	C:\WINDOWS\System32\KERNELBASE.dll
0x00007ffc2f270000 - 0x00007ffc2f313000 	C:\WINDOWS\System32\ADVAPI32.dll
0x00007ffc2dbb0000 - 0x00007ffc2dc4e000 	C:\WINDOWS\System32\msvcrt.dll
0x00007ffc2d770000 - 0x00007ffc2d807000 	C:\WINDOWS\System32\sechost.dll
0x00007ffc2f4a0000 - 0x00007ffc2f5c0000 	C:\WINDOWS\System32\RPCRT4.dll
0x00007ffc2d5d0000 - 0x00007ffc2d764000 	C:\WINDOWS\System32\USER32.dll
0x00007ffc2c850000 - 0x00007ffc2c871000 	C:\WINDOWS\System32\win32u.dll
0x00007ffc2f470000 - 0x00007ffc2f496000 	C:\WINDOWS\System32\GDI32.dll
0x00007ffc2c2e0000 - 0x00007ffc2c476000 	C:\WINDOWS\System32\gdi32full.dll
0x00007ffc2c990000 - 0x00007ffc2ca2e000 	C:\WINDOWS\System32\msvcp_win.dll
0x00007ffc2ca30000 - 0x00007ffc2cb2a000 	C:\WINDOWS\System32\ucrtbase.dll
0x00007ffc1f860000 - 0x00007ffc1fae4000 	C:\WINDOWS\WinSxS\amd64_microsoft.windows.common-controls_6595b64144ccf1df_6.0.18362.1198_none_9e820b57e45ad92f\COMCTL32.dll
0x00007ffc2f5c0000 - 0x00007ffc2f8f5000 	C:\WINDOWS\System32\combase.dll
0x00007ffc2c480000 - 0x00007ffc2c500000 	C:\WINDOWS\System32\bcryptPrimitives.dll
0x00007ffc2dc50000 - 0x00007ffc2dc7e000 	C:\WINDOWS\System32\IMM32.DLL
0x0000000075cc0000 - 0x0000000075d92000 	C:\Program Files\OpenJDK\openjdk-8u272-b10\jre\bin\msvcr100.dll
0x0000000071b00000 - 0x0000000072394000 	C:\Program Files\OpenJDK\openjdk-8u272-b10\jre\bin\server\jvm.dll
0x00007ffc2f460000 - 0x00007ffc2f468000 	C:\WINDOWS\System32\PSAPI.DLL
0x00007ffc1ccd0000 - 0x00007ffc1ccd9000 	C:\WINDOWS\SYSTEM32\WSOCK32.dll
0x00007ffc2f200000 - 0x00007ffc2f26f000 	C:\WINDOWS\System32\WS2_32.dll
0x00007ffc2a200000 - 0x00007ffc2a224000 	C:\WINDOWS\SYSTEM32\WINMM.dll
0x00007ffc279a0000 - 0x00007ffc279aa000 	C:\WINDOWS\SYSTEM32\VERSION.dll
0x00007ffc2a1a0000 - 0x00007ffc2a1cd000 	C:\WINDOWS\SYSTEM32\WINMMBASE.dll
0x00007ffc2c800000 - 0x00007ffc2c84a000 	C:\WINDOWS\System32\cfgmgr32.dll
0x00007ffc28960000 - 0x00007ffc2896f000 	C:\Program Files\OpenJDK\openjdk-8u272-b10\jre\bin\verify.dll
0x00007ffc1d5c0000 - 0x00007ffc1d5e9000 	C:\Program Files\OpenJDK\openjdk-8u272-b10\jre\bin\java.dll
0x00007ffc1f2e0000 - 0x00007ffc1f2f6000 	C:\Program Files\OpenJDK\openjdk-8u272-b10\jre\bin\zip.dll
0x00007ffc2dc80000 - 0x00007ffc2e367000 	C:\WINDOWS\System32\SHELL32.dll
0x00007ffc2eb70000 - 0x00007ffc2ec19000 	C:\WINDOWS\System32\shcore.dll
0x00007ffc2cb30000 - 0x00007ffc2d2b1000 	C:\WINDOWS\System32\windows.storage.dll
0x00007ffc2c160000 - 0x00007ffc2c183000 	C:\WINDOWS\System32\profapi.dll
0x00007ffc2c0d0000 - 0x00007ffc2c11a000 	C:\WINDOWS\System32\powrprof.dll
0x00007ffc2c0c0000 - 0x00007ffc2c0d0000 	C:\WINDOWS\System32\UMPDC.dll
0x00007ffc2d490000 - 0x00007ffc2d4e2000 	C:\WINDOWS\System32\shlwapi.dll
0x00007ffc2c120000 - 0x00007ffc2c131000 	C:\WINDOWS\System32\kernel.appcore.dll
0x00007ffc2c530000 - 0x00007ffc2c547000 	C:\WINDOWS\System32\cryptsp.dll
0x00007ffc1d7e0000 - 0x00007ffc1d7fb000 	C:\Program Files\OpenJDK\openjdk-8u272-b10\jre\bin\net.dll
0x00007ffc2b8b0000 - 0x00007ffc2b917000 	C:\WINDOWS\system32\mswsock.dll
0x00007ffc1d5a0000 - 0x00007ffc1d5b2000 	C:\Program Files\OpenJDK\openjdk-8u272-b10\jre\bin\nio.dll
0x00007ffc1d570000 - 0x00007ffc1d59a000 	C:\Users\Home\.gradle\native\36\windows-amd64\native-platform.dll
0x00007ffc249b0000 - 0x00007ffc249bd000 	C:\Program Files\OpenJDK\openjdk-8u272-b10\jre\bin\management.dll
0x00007ffc2b420000 - 0x00007ffc2b453000 	C:\WINDOWS\system32\rsaenh.dll
0x00007ffc2c500000 - 0x00007ffc2c526000 	C:\WINDOWS\System32\bcrypt.dll
0x00007ffc2bfe0000 - 0x00007ffc2c005000 	C:\WINDOWS\SYSTEM32\USERENV.dll
0x00007ffc2ba80000 - 0x00007ffc2ba8c000 	C:\WINDOWS\SYSTEM32\CRYPTBASE.dll
0x00007ffc2b5c0000 - 0x00007ffc2b5fa000 	C:\WINDOWS\SYSTEM32\IPHLPAPI.DLL
0x00007ffc2e370000 - 0x00007ffc2e378000 	C:\WINDOWS\System32\NSI.dll
0x00007ffc269f0000 - 0x00007ffc26a06000 	C:\WINDOWS\SYSTEM32\dhcpcsvc6.DLL
0x00007ffc26ba0000 - 0x00007ffc26bbc000 	C:\WINDOWS\SYSTEM32\dhcpcsvc.DLL
0x00007ffc2b600000 - 0x00007ffc2b6cb000 	C:\WINDOWS\SYSTEM32\DNSAPI.dll

VM Arguments:
jvm_args: -XX:MaxMetaspaceSize=256m -XX:+HeapDumpOnOutOfMemoryError -Xms256m -Xmx512m -Dfile.encoding=windows-1251 -Duser.country=RU -Duser.language=ru -Duser.variant 
java_command: org.gradle.launcher.daemon.bootstrap.GradleDaemon 6.2
java_class_path (initial): C:\Users\Home\.gradle\wrapper\dists\gradle-6.2-all\dvufqs6kielxeao781pmk5huj\gradle-6.2\lib\gradle-launcher-6.2.jar
Launcher Type: SUN_STANDARD

Environment Variables:
JAVA_HOME=C:\Program Files\OpenJDK\openjdk-8u272-b10
CLASSPATH=D:\Projects\PrayerX\android\\gradle\wrapper\gradle-wrapper.jar
PATH=D:\Projects\PrayerX\android\node_modules\.bin;D:\Projects\PrayerX\node_modules\.bin;D:\Projects\node_modules\.bin;D:\node_modules\.bin;C:\Program Files\nodejs;D:\Projects\PrayerX\node_modules\.bin;D:\Projects\PrayerX\node_modules\.bin;C:\ProgramData\Oracle\Java\javapath;C:\Windows\system32;C:\Windows;C:\Windows\System32\Wbem;C:\Windows\System32\WindowsPowerShell\v1.0\;C:\Program Files (x86)\NVIDIA Corporation\PhysX\Common;C:\Program Files\NVIDIA Corporation\NVIDIA NvDLISR;C:\Program Files (x86)\Common Files\Acronis\VirtualFile\;C:\Program Files (x86)\Common Files\Acronis\VirtualFile64\;C:\Program Files (x86)\Common Files\Acronis\SnapAPI\;C:\Program Files\nodejs\;C:\Program Files (x86)\Yarn\bin\;C:\WINDOWS\system32;C:\WINDOWS;C:\WINDOWS\System32\Wbem;C:\WINDOWS\System32\WindowsPowerShell\v1.0\;C:\WINDOWS\System32\OpenSSH\;C:\Program Files\Microsoft VS Code\bin;C:\Program Files\Git\cmd;C:\Program Files\Sublime Text 3;C:\ProgramData\chocolatey\bin;C:\Program Files\OpenJDK\openjdk-8u272-b10\bin;C:\Users\Home\AppData\Local\Programs\Python\Python38-32\Scripts\;C:\Users\Home\AppData\Local\Programs\Python\Python38-32\;C:\Users\Home\AppData\Local\GitHubDesktop\bin;C:\Users\Home\AppData\Roaming\npm;C:\Users\Home\AppData\Local\Yarn\bin;C:\Users\Home\AppData\Local\Microsoft\WindowsApps;C:\Program Files\JetBrains\WebStorm 2019.3.3\bin;;C:\Program Files\JetBrains\PhpStorm 2020.2.2\bin;;C:\Users\Home\AppData\Local\Android\Sdk\platform-tools;
USERNAME=Home
OS=Windows_NT
PROCESSOR_IDENTIFIER=Intel64 Family 6 Model 30 Stepping 5, GenuineIntel



---------------  S Y S T E M  ---------------

OS: Windows 10.0 , 64 bit Build 18362 (10.0.18362.1110)

CPU:total 8 (initial active 8) (4 cores per cpu, 2 threads per core) family 6 model 30 stepping 5, cmov, cx8, fxsr, mmx, sse, sse2, sse3, ssse3, sse4.1, sse4.2, popcnt, ht, tsc, tscinvbit

Memory: 4k page, physical 16772596k(2998064k free), swap 17821172k(5128k free)

vm_info: OpenJDK 64-Bit Server VM (25.272-b10) for windows-amd64 JRE (1.8.0_272-b10), built on Oct 19 2020 14:41:31 by "build" with MS VC++ 10.0 (VS2010)

time: Fri Nov 20 22:02:28 2020
timezone: Центральная Азия (зима)
elapsed time: 1.979997 seconds (0d 0h 0m 1s)

